Log file open, 07/19/18 14:41:09
LogWindows: Failed to load 'aqProf.dll' (GetLastError=126)
LogWindows: File 'aqProf.dll' does not exist
LogWindows: Failed to load 'VSPerf140.dll' (GetLastError=126)
LogWindows: File 'VSPerf140.dll' does not exist
LogWindows: Failed to load 'VtuneApi.dll' (GetLastError=126)
LogWindows: File 'VtuneApi.dll' does not exist
LogWindows: Failed to load 'VtuneApi32e.dll' (GetLastError=126)
LogWindows: File 'VtuneApi32e.dll' does not exist
LogInit: Display: Running engine for game: Office
LogPlatformFile: Not using cached read wrapper
LogTaskGraph: Started task graph with 5 named threads and 11 total threads with 3 sets of task threads.
LogStats: Stats thread started at 0.186790
LogD3D11RHI: Loaded GFSDK_Aftermath_Lib.x64.dll
LogICUInternationalization: Display: ICU TimeZone Detection - Raw Offset: -7:00, Platform Override: ''
LogPluginManager: Mounting plugin Paper2D
LogPluginManager: Mounting plugin AISupport
LogPluginManager: Mounting plugin LightPropagationVolume
LogPluginManager: Mounting plugin CLionSourceCodeAccess
LogPluginManager: Mounting plugin CodeLiteSourceCodeAccess
LogPluginManager: Mounting plugin GitSourceControl
LogPluginManager: Mounting plugin KDevelopSourceCodeAccess
LogPluginManager: Mounting plugin NullSourceCodeAccess
LogPluginManager: Mounting plugin PerforceSourceControl
LogPluginManager: Mounting plugin SubversionSourceControl
LogPluginManager: Mounting plugin UObjectPlugin
LogPluginManager: Mounting plugin VisualStudioCodeSourceCodeAccess
LogPluginManager: Mounting plugin VisualStudioSourceCodeAccess
LogPluginManager: Mounting plugin XCodeSourceCodeAccess
LogPluginManager: Mounting plugin AssetManagerEditor
LogPluginManager: Mounting plugin CryptoKeys
LogPluginManager: Mounting plugin DataValidation
LogPluginManager: Mounting plugin FacialAnimation
LogPluginManager: Mounting plugin GameplayTagsEditor
LogPluginManager: Mounting plugin MacGraphicsSwitching
LogPluginManager: Mounting plugin MeshEditor
LogPluginManager: Mounting plugin MobileLauncherProfileWizard
LogPluginManager: Mounting plugin PluginBrowser
LogPluginManager: Mounting plugin SpeedTreeImporter
LogPluginManager: Mounting plugin DatasmithContent
LogPluginManager: Mounting plugin AlembicImporter
LogPluginManager: Mounting plugin AppleImageUtils
LogPluginManager: Mounting plugin AppleVision
LogPluginManager: Mounting plugin BackChannel
LogPluginManager: Mounting plugin CharacterAI
LogPluginManager: Mounting plugin GeometryCache
LogPluginManager: Mounting plugin HTML5Networking
LogPluginManager: Mounting plugin ProxyLODPlugin
LogPluginManager: Mounting plugin MagicLeap
LogPluginManager: Mounting plugin MagicLeapEmulator
LogPluginManager: Mounting plugin MagicLeapMedia
LogPluginManager: Mounting plugin AndroidMedia
LogPluginManager: Mounting plugin AvfMedia
LogPluginManager: Mounting plugin ImgMedia
LogPluginManager: Mounting plugin LinearTimecode
LogPluginManager: Mounting plugin MediaCompositing
LogPluginManager: Mounting plugin MediaPlayerEditor
LogPluginManager: Mounting plugin WmfMedia
LogPluginManager: Mounting plugin TcpMessaging
LogPluginManager: Mounting plugin UdpMessaging
LogPluginManager: Mounting plugin ActorSequence
LogPluginManager: Mounting plugin LevelSequenceEditor
LogPluginManager: Mounting plugin MatineeToLevelSequence
LogPluginManager: Mounting plugin NetcodeUnitTest
LogPluginManager: Mounting plugin NUTUnrealEngine4
LogPluginManager: Mounting plugin OnlineSubsystemGooglePlay
LogPluginManager: Mounting plugin OnlineSubsystemIOS
LogPluginManager: Mounting plugin OnlineSubsystem
LogPluginManager: Mounting plugin OnlineSubsystemNull
LogPluginManager: Mounting plugin OnlineSubsystemUtils
LogPluginManager: Mounting plugin LauncherChunkInstaller
LogPluginManager: Mounting plugin AndroidDeviceProfileSelector
LogPluginManager: Mounting plugin AndroidMoviePlayer
LogPluginManager: Mounting plugin AndroidPermission
LogPluginManager: Mounting plugin AppleMoviePlayer
LogPluginManager: Mounting plugin ArchVisCharacter
LogPluginManager: Mounting plugin AudioCapture
LogPluginManager: Mounting plugin CableComponent
LogPluginManager: Mounting plugin CustomMeshComponent
LogPluginManager: Mounting plugin EditableMesh
LogPluginManager: Mounting plugin ExampleDeviceProfileSelector
LogPluginManager: Mounting plugin GoogleCloudMessaging
LogPluginManager: Mounting plugin ImmediatePhysics
LogPluginManager: Mounting plugin IOSDeviceProfileSelector
LogPluginManager: Mounting plugin LinuxDeviceProfileSelector
LogPluginManager: Mounting plugin LocationServicesBPLibrary
LogPluginManager: Mounting plugin MobilePatchingUtils
LogPluginManager: Mounting plugin OculusVR
LogPluginManager: Plugin shader directory ../../../Engine/Plugins/Runtime/Oculus/OculusVR/Shaders found
LogPluginManager: Mapping shader source directory ../../../Engine/Plugins/Runtime/Oculus/OculusVR/Shaders to virtual directory /Plugin/OculusVR
LogPluginManager: Mounting plugin PhysXVehicles
LogPluginManager: Mounting plugin ProceduralMeshComponent
LogPluginManager: Mounting plugin RuntimePhysXCooking
LogPluginManager: Mounting plugin SteamVR
LogPluginManager: Mounting plugin WindowsMoviePlayer
LogStreaming: Display: Took  0.113s to configure plugins.
LogInit: Using libcurl 7.55.1-DEV
LogInit:  - built for x86_64-pc-win32
LogInit:  - supports SSL with OpenSSL/1.0.2h
LogInit:  - supports HTTP deflate (compression) using libz 1.2.8
LogInit:  - other features:
LogInit:      CURL_VERSION_SSL
LogInit:      CURL_VERSION_LIBZ
LogInit:      CURL_VERSION_IPV6
LogInit:      CURL_VERSION_ASYNCHDNS
LogInit:      CURL_VERSION_LARGEFILE
LogInit:      CURL_VERSION_IDN
LogInit:  CurlRequestOptions (configurable via config and command line):
LogInit:  - bVerifyPeer = false  - Libcurl will NOT verify peer certificate
LogInit:  - bUseHttpProxy = false  - Libcurl will NOT use HTTP proxy
LogInit:  - bDontReuseConnections = false  - Libcurl will reuse connections
LogInit:  - CertBundlePath = nullptr  - Libcurl will use whatever was configured at build time.
LogInit:  - MaxHostConnections = 16  - Libcurl will limit the number of connections to a host
LogInit:  - LocalHostAddr = Default
LogInit:  - BufferSize = 65536
LogInit: WinSock: version 1.1 (2.2), MaxSocks=32767, MaxUdp=65467
LogInit: Build: ++UE4+Release-4.20-CL-4212847
LogInit: Engine Version: 4.20.0-4212847+++UE4+Release-4.20
LogInit: Compatible Engine Version: 4.20.0-4212847+++UE4+Release-4.20
LogInit: Net CL: 4212847
LogInit: OS: Windows 10 (), CPU: Intel(R) Core(TM) i7-6600U CPU @ 2.60GHz, GPU: Intel(R) HD Graphics 520
LogInit: Compiled (64-bit): Jul 14 2018 09:51:14
LogInit: Compiled with Visual C++: 19.13.26129.00
LogInit: Build Configuration: Development
LogInit: Branch Name: ++UE4+Release-4.20
LogInit: Command Line: 
LogInit: Base Directory: C:/Program Files/Epic Games/UE_4.20/Engine/Binaries/Win64/
LogInit: Installed Engine Build: 1
LogDevObjectVersion: Number of dev versions registered: 20
LogDevObjectVersion:   Dev-Blueprints (B0D832E4-1F89-4F0D-ACCF-7EB736FD4AA2): 10
LogDevObjectVersion:   Dev-Build (E1C64328-A22C-4D53-A36C-8E866417BD8C): 0
LogDevObjectVersion:   Dev-Core (375EC13C-06E4-48FB-B500-84F0262A717E): 2
LogDevObjectVersion:   Dev-Editor (E4B068ED-F494-42E9-A231-DA0B2E46BB41): 24
LogDevObjectVersion:   Dev-Framework (CFFC743F-43B0-4480-9391-14DF171D2073): 34
LogDevObjectVersion:   Dev-Mobile (B02B49B5-BB20-44E9-A304-32B752E40360): 2
LogDevObjectVersion:   Dev-Networking (A4E4105C-59A1-49B5-A7C5-40C4547EDFEE): 0
LogDevObjectVersion:   Dev-Online (39C831C9-5AE6-47DC-9A44-9C173E1C8E7C): 0
LogDevObjectVersion:   Dev-Physics (78F01B33-EBEA-4F98-B9B4-84EACCB95AA2): 0
LogDevObjectVersion:   Dev-Platform (6631380F-2D4D-43E0-8009-CF276956A95A): 0
LogDevObjectVersion:   Dev-Rendering (12F88B9F-8875-4AFC-A67C-D90C383ABD29): 26
LogDevObjectVersion:   Dev-Sequencer (7B5AE74C-D270-4C10-A958-57980B212A5A): 9
LogDevObjectVersion:   Dev-VR (D7296918-1DD6-4BDD-9DE2-64A83CC13884): 2
LogDevObjectVersion:   Dev-LoadTimes (C2A15278-BFE7-4AFE-6C17-90FF531DF755): 1
LogDevObjectVersion:   Private-Geometry (6EACA3D4-40EC-4CC1-B786-8BED09428FC5): 3
LogDevObjectVersion:   Dev-AnimPhys (29E575DD-E0A3-4627-9D10-D276232CDCEA): 17
LogDevObjectVersion:   Dev-ReflectionCapture (6B266CEC-1EC7-4B8F-A30B-E4D90942FC07): 1
LogDevObjectVersion:   Dev-Automation (0DF73D61-A23F-47EA-B727-89E90C41499A): 1
LogDevObjectVersion:   FortniteMain (601D1886-AC64-4F84-AA16-D3DE0DEAC7D6): 12
LogDevObjectVersion:   Dev-Enterprise (9DFFBCD6-494F-0158-E221-12823C92A888): 1
LogStreaming: Display: Took  0.000s to delete old logs.
LogInit: Presizing for max 8388607 objects, including 0 objects not considered by GC, pre-allocating 0 bytes for permanent pool.
LogInit: Object subsystem initialized
[2018.07.19-20.41.10:244][  0]LogInit: Selected Device Profile: [Windows]
[2018.07.19-20.41.10:244][  0]LogInit: Applying CVar settings loaded from the selected device profile: [Windows]
[2018.07.19-20.41.10:260][  0]LogHAL: Display: Platform has ~ 16 GB [17040482304 / 17179869184 / 16], which maps to Larger [LargestMinGB=32, LargerMinGB=12, DefaultMinGB=8, SmallerMinGB=6, SmallestMinGB=0)
[2018.07.19-20.41.10:260][  0]LogInit: Setting Device Profile CVar: [[r.Vulkan.UseRealUBs:1]]
[2018.07.19-20.41.10:260][  0]LogInit: Going up to parent DeviceProfile []
[2018.07.19-20.41.10:260][  0]LogInit: Computer: DESKTOP-HGT6GHT
[2018.07.19-20.41.10:260][  0]LogInit: User: LMcKamey
[2018.07.19-20.41.10:260][  0]LogInit: CPU Page size=4096, Cores=2
[2018.07.19-20.41.10:260][  0]LogInit: High frequency timer resolution =2.742194 MHz
[2018.07.19-20.41.10:260][  0]LogMemory: Memory total: Physical=15.9GB (16GB approx)
[2018.07.19-20.41.10:260][  0]LogMemory: Platform Memory Stats for Windows
[2018.07.19-20.41.10:260][  0]LogMemory: Process Physical Memory: 100.02 MB used, 100.02 MB peak
[2018.07.19-20.41.10:260][  0]LogMemory: Process Virtual Memory: 84.13 MB used, 84.13 MB peak
[2018.07.19-20.41.10:260][  0]LogMemory: Physical Memory: 5546.26 MB used,  10704.81 MB free, 16251.07 MB total
[2018.07.19-20.41.10:260][  0]LogMemory: Virtual Memory: 4615.21 MB used,  10704.81 MB free, 134217728.00 MB total
[2018.07.19-20.41.10:276][  0]LogInit: Using OS detected language (en-US).
[2018.07.19-20.41.10:276][  0]LogInit: Using OS detected locale (en-US).
[2018.07.19-20.41.10:277][  0]LogTextLocalizationManager: No specific localization for 'en-US' exists, so the 'en' localization will be used.
[2018.07.19-20.41.10:755][  0]LogStreaming: Display: Took  0.478s to InitEngineTextLocalization.
[2018.07.19-20.41.10:755][  0]LogInit: Setting process to per monitor DPI aware
[2018.07.19-20.41.10:809][  0]LogSlate: New Slate User Created.  User Index 0, Is Virtual User: 0
[2018.07.19-20.41.10:809][  0]LogSlate: Slate User Registered.  User Index 0, Is Virtual User: 0
[2018.07.19-20.41.11:105][  0]LogHMD: Failed to initialize OpenVR with code 110
[2018.07.19-20.41.11:105][  0]LogD3D11RHI: D3D11 adapters:
[2018.07.19-20.41.11:172][  0]LogD3D11RHI:    0. 'NVIDIA Quadro M500M' (Feature Level 11_0)
[2018.07.19-20.41.11:173][  0]LogD3D11RHI:       2010/0/8125 MB DedicatedVideo/DedicatedSystem/SharedSystem, Outputs:1, VendorId:0x10de
[2018.07.19-20.41.11:181][  0]LogD3D11RHI:    1. 'Intel(R) HD Graphics 520' (Feature Level 11_0)
[2018.07.19-20.41.11:181][  0]LogD3D11RHI:       128/0/8125 MB DedicatedVideo/DedicatedSystem/SharedSystem, Outputs:0, VendorId:0x8086
[2018.07.19-20.41.11:183][  0]LogD3D11RHI:    2. 'Microsoft Basic Render Driver' (Feature Level 11_0)
[2018.07.19-20.41.11:183][  0]LogD3D11RHI:       0/0/8125 MB DedicatedVideo/DedicatedSystem/SharedSystem, Outputs:0, VendorId:0x1414
[2018.07.19-20.41.11:183][  0]LogD3D11RHI: Chosen D3D11 Adapter: 0
[2018.07.19-20.41.11:220][  0]LogD3D11RHI: Creating new Direct3DDevice
[2018.07.19-20.41.11:221][  0]LogD3D11RHI:     GPU DeviceId: 0x137a (for the marketing name, search the web for "GPU Device Id")
[2018.07.19-20.41.11:221][  0]LogWindows: EnumDisplayDevices:
[2018.07.19-20.41.11:221][  0]LogWindows:    0. 'Intel(R) HD Graphics 520' (P:1 D:1)
[2018.07.19-20.41.11:221][  0]LogWindows:    1. 'Intel(R) HD Graphics 520' (P:0 D:0)
[2018.07.19-20.41.11:221][  0]LogWindows:    2. 'Intel(R) HD Graphics 520' (P:0 D:0)
[2018.07.19-20.41.11:221][  0]LogWindows: DebugString: PrimaryIsNotTheChoosenAdapter PrimaryIsNotTheChoosenAdapter PrimaryIsNotTheChoosenAdapter FoundDriverCount:0 
[2018.07.19-20.41.11:222][  0]LogD3D11RHI:     Adapter Name: NVIDIA Quadro M500M
[2018.07.19-20.41.11:222][  0]LogD3D11RHI:   Driver Version: Unknown (internal:Unknown, unified:Unknown)
[2018.07.19-20.41.11:222][  0]LogD3D11RHI:      Driver Date: Unknown
[2018.07.19-20.41.11:222][  0]LogRHI: Texture pool is 1407 MB (70% of 2010 MB)
[2018.07.19-20.41.11:266][  0]LogD3D11RHI: Async texture creation enabled
[2018.07.19-20.41.11:307][  0]LogD3D11RHI: GPU Timing Frequency: 1000.000000 (Debug: 2 2)
[2018.07.19-20.41.11:308][  0]LogShaderCompilers: Guid format shader working directory is -17 characters bigger than the processId version (../../../../../../Users/LMcKamey/Documents/Unreal Projects/Office/Intermediate/Shaders/WorkingDirectory/12620/).
[2018.07.19-20.41.11:308][  0]LogShaderCompilers: Cleaned the shader compiler working directory 'C:/Users/LMcKamey/AppData/Local/Temp/UnrealShaderWorkingDir/E42261AF464FE2DEF8857B867B8CBA18/'.
[2018.07.19-20.41.11:615][  0]LogTemp: Display: Loaded TP AllDesktopTargetPlatform
[2018.07.19-20.41.11:629][  0]LogTemp: Display: Loaded TP MacClientTargetPlatform
[2018.07.19-20.41.11:643][  0]LogTemp: Display: Loaded TP MacNoEditorTargetPlatform
[2018.07.19-20.41.11:657][  0]LogTemp: Display: Loaded TP MacServerTargetPlatform
[2018.07.19-20.41.11:670][  0]LogTemp: Display: Loaded TP MacTargetPlatform
[2018.07.19-20.41.11:685][  0]LogTemp: Display: Loaded TP WindowsClientTargetPlatform
[2018.07.19-20.41.11:699][  0]LogTemp: Display: Loaded TP WindowsNoEditorTargetPlatform
[2018.07.19-20.41.11:712][  0]LogTemp: Display: Loaded TP WindowsServerTargetPlatform
[2018.07.19-20.41.11:720][  0]LogTemp: Display: Loaded TP WindowsTargetPlatform
[2018.07.19-20.41.11:799][  0]LogTemp: Display: Loaded TP AndroidTargetPlatform
[2018.07.19-20.41.11:799][  0]LogTemp: Display: Loaded TP AndroidTargetPlatform
[2018.07.19-20.41.11:799][  0]LogTemp: Display: Loaded TP AndroidTargetPlatform
[2018.07.19-20.41.11:799][  0]LogTemp: Display: Loaded TP AndroidTargetPlatform
[2018.07.19-20.41.11:799][  0]LogTemp: Display: Loaded TP AndroidTargetPlatform
[2018.07.19-20.41.11:799][  0]LogTemp: Display: Loaded TP AndroidTargetPlatform
[2018.07.19-20.41.11:799][  0]LogTemp: Display: Loaded TP AndroidTargetPlatform
[2018.07.19-20.41.11:799][  0]LogTemp: Display: Loaded TP AndroidTargetPlatform
[2018.07.19-20.41.11:799][  0]LogTemp: Display: Loaded TP AndroidTargetPlatform
[2018.07.19-20.41.11:799][  0]LogTemp: Display: Loaded TP AndroidTargetPlatform
[2018.07.19-20.41.11:799][  0]LogTemp: Display: Loaded TP AndroidTargetPlatform
[2018.07.19-20.41.11:799][  0]LogTemp: Display: Loaded TP AndroidTargetPlatform
[2018.07.19-20.41.11:799][  0]LogTemp: Display: Loaded TP AndroidTargetPlatform
[2018.07.19-20.41.11:799][  0]LogTemp: Display: Loaded TP AndroidTargetPlatform
[2018.07.19-20.41.11:799][  0]LogTemp: Display: Loaded TP AndroidTargetPlatform
[2018.07.19-20.41.11:799][  0]LogTemp: Display: Loaded TP AndroidTargetPlatform
[2018.07.19-20.41.11:799][  0]LogTemp: Display: Loaded TP AndroidTargetPlatform
[2018.07.19-20.41.11:799][  0]LogTemp: Display: Loaded TP AndroidTargetPlatform
[2018.07.19-20.41.11:800][  0]LogTemp: Display: Loaded TP HTML5TargetPlatform
[2018.07.19-20.41.11:862][  0]LogTemp: Display: Loaded TP IOSTargetPlatform
[2018.07.19-20.41.11:862][  0]LogTemp: Display: Loaded TP IOSTargetPlatform
[2018.07.19-20.41.11:886][  0]LogTemp: Display: Loaded TP TVOSTargetPlatform
[2018.07.19-20.41.11:886][  0]LogTemp: Display: Loaded TP TVOSTargetPlatform
[2018.07.19-20.41.11:898][  0]LogTemp: Display: Loaded TP LinuxClientTargetPlatform
[2018.07.19-20.41.11:911][  0]LogTemp: Display: Loaded TP LinuxNoEditorTargetPlatform
[2018.07.19-20.41.11:922][  0]LogTemp: Display: Loaded TP LinuxServerTargetPlatform
[2018.07.19-20.41.11:935][  0]LogTemp: Display: Loaded TP LinuxTargetPlatform
[2018.07.19-20.41.11:944][  0]LogTemp: Display: Loaded TP LuminTargetPlatform
[2018.07.19-20.41.11:944][  0]LogTargetPlatformManager: Display: Building Assets For Windows
[2018.07.19-20.41.12:005][  0]LogXGEController: Cannot use XGE Controller as Incredibuild is not installed on this machine.
[2018.07.19-20.41.12:005][  0]LogShaderCompilers: Cannot use XGE Shader Compiler as Incredibuild is not installed on this machine.
[2018.07.19-20.41.12:005][  0]LogShaderCompilers: Display: Using Local Shader Compiler.
[2018.07.19-20.41.12:742][  0]LogDerivedDataCache: Display: Max Cache Size: 512 MB
[2018.07.19-20.41.12:807][  0]LogDerivedDataCache: Loaded boot cache 0.07s 71MB C:/Users/LMcKamey/AppData/Local/UnrealEngine/4.20/DerivedDataCache/Boot.ddc.
[2018.07.19-20.41.12:808][  0]LogDerivedDataCache: Display: Loaded Boot cache: C:/Users/LMcKamey/AppData/Local/UnrealEngine/4.20/DerivedDataCache/Boot.ddc
[2018.07.19-20.41.12:808][  0]LogDerivedDataCache: FDerivedDataBackendGraph:  Pak pak cache file ../../../../../../Users/LMcKamey/Documents/Unreal Projects/Office/DerivedDataCache/DDC.ddp not found, will not use a pak cache.
[2018.07.19-20.41.12:808][  0]LogDerivedDataCache: Unable to find inner node Pak for hierarchical cache Hierarchy.
[2018.07.19-20.41.12:808][  0]LogDerivedDataCache: FDerivedDataBackendGraph:  CompressedPak pak cache file ../../../../../../Users/LMcKamey/Documents/Unreal Projects/Office/DerivedDataCache/Compressed.ddp not found, will not use a pak cache.
[2018.07.19-20.41.12:808][  0]LogDerivedDataCache: Unable to find inner node CompressedPak for hierarchical cache Hierarchy.
[2018.07.19-20.41.12:821][  0]LogDerivedDataCache: Display: Pak cache opened for reading ../../../Engine/DerivedDataCache/Compressed.ddp.
[2018.07.19-20.41.12:834][  0]LogDerivedDataCache: Using Local data cache path C:/Users/LMcKamey/AppData/Local/UnrealEngine/Common/DerivedDataCache: Writable
[2018.07.19-20.41.12:834][  0]LogDerivedDataCache: Shared data cache path not found in *engine.ini, will not use an Shared cache.
[2018.07.19-20.41.12:834][  0]LogDerivedDataCache: Unable to find inner node Shared for hierarchical cache Hierarchy.
[2018.07.19-20.41.12:852][  0]LogMaterial: Verifying Global Shaders for PCD3D_SM5
[2018.07.19-20.41.12:853][  0]LogSlate: Using FreeType 2.6.0
[2018.07.19-20.41.12:854][  0]LogSlate: SlateFontServices - WITH_FREETYPE: 1, WITH_HARFBUZZ: 1
[2018.07.19-20.41.12:929][  0]LogAssetRegistry: FAssetRegistry took 0.0266 seconds to start up
[2018.07.19-20.41.13:260][  0]LogInit: Selected Device Profile: [Windows]
[2018.07.19-20.41.13:397][  0]LogSimplygon: Simplygon DLL not present - disabling.
[2018.07.19-20.41.13:400][  0]LogMeshReduction: Using SimplygonSwarm for distributed automatic mesh merging
[2018.07.19-20.41.13:400][  0]LogMeshReduction: Using ProxyLODMeshReduction for automatic mesh merging
[2018.07.19-20.41.13:400][  0]LogMeshReduction: Using QuadricMeshReduction for automatic static mesh reduction
[2018.07.19-20.41.13:400][  0]LogMeshReduction: No automatic skeletal mesh reduction module available
[2018.07.19-20.41.13:421][  0]LogNetVersion: Office 1.0.0, NetCL: 4212847, EngineNetVer: 5, GameNetVer: 0 (Checksum: 3125035308)
[2018.07.19-20.41.14:011][  0]LogPackageLocalizationCache: Processed 11 localized package path(s) for 2 prioritized culture(s) in 0.109921 seconds
[2018.07.19-20.41.14:018][  0]LogUObjectArray: 38425 objects as part of root set at end of initial load.
[2018.07.19-20.41.14:018][  0]LogUObjectAllocator: 6690872 out of 0 bytes used by permanent object pool.
[2018.07.19-20.41.14:018][  0]LogUObjectArray: CloseDisregardForGC: 0/0 objects in disregard for GC pool
[2018.07.19-20.41.14:886][  0]LogTcpMessaging: Initializing TcpMessaging bridge
[2018.07.19-20.41.14:899][  0]LogUdpMessaging: Initializing bridge on interface 0.0.0.0:0 to multicast group 230.0.0.1:6666.
[2018.07.19-20.41.15:050][  0]SourceControl: Source control is disabled
[2018.07.19-20.41.15:050][  0]SourceControl: Source control is disabled
[2018.07.19-20.41.15:051][  0]SourceControl: Source control is disabled
[2018.07.19-20.41.15:052][  0]SourceControl: Source control is disabled
[2018.07.19-20.41.15:220][  0]LogAndroidPermission: UAndroidPermissionCallbackProxy::GetInstance
[2018.07.19-20.41.15:270][  0]LogOcInput: OculusInput pre-init called
[2018.07.19-20.41.15:333][  0]LogEngine: Initializing Engine...
[2018.07.19-20.41.15:334][  0]LogHMD: Failed to initialize OpenVR with code 110
[2018.07.19-20.41.15:335][  0]LogStats: UGameplayTagsManager::ConstructGameplayTagTree: ImportINI prefixes -  0.000 s
[2018.07.19-20.41.15:335][  0]LogStats: UGameplayTagsManager::ConstructGameplayTagTree: Construct from data asset -  0.000 s
[2018.07.19-20.41.15:335][  0]LogStats: UGameplayTagsManager::ConstructGameplayTagTree: ImportINI -  0.000 s
[2018.07.19-20.41.15:335][  0]LogStats: UGameplayTagsManager::ConstructGameplayTagTree: GameplayTagTreeChangedEvent.Broadcast -  0.000 s
[2018.07.19-20.41.15:603][  0]LogInit: Initializing FReadOnlyCVARCache
[2018.07.19-20.41.15:617][  0]LogAIModule: Creating AISystem for world Untitled
[2018.07.19-20.41.15:625][  0]LogInit: XAudio2 using 'Speakers (Conexant SmartAudio HD)' : 2 channels at 48 kHz using 32 bits per sample (channel mask 0x3)
[2018.07.19-20.41.15:685][  0]LogInit: FAudioDevice initialized.
[2018.07.19-20.41.15:685][  0]LogNetVersion: Set ProjectVersion to 1.0.0.0. Version Checksum will be recalculated on next use.
[2018.07.19-20.41.15:825][  0]LogDerivedDataCache: Saved boot cache 0.14s 71MB C:/Users/LMcKamey/AppData/Local/UnrealEngine/4.20/DerivedDataCache/Boot.ddc.
[2018.07.19-20.41.15:840][  0]LogInit: Texture streaming: Enabled
[2018.07.19-20.41.15:858][  0]LogEngineSessionManager: EngineSessionManager initialized
[2018.07.19-20.41.15:872][  0]LogInit: Transaction tracking system initialized
[2018.07.19-20.41.15:895][  0]BlueprintLog: New page: Editor Load
[2018.07.19-20.41.15:981][  0]LocalizationService: Localization service is disabled
[2018.07.19-20.41.16:558][  0]LogCook: Display: Max memory allowance for cook 16384mb min free memory 0mb
[2018.07.19-20.41.16:558][  0]LogCook: Display: Mobile HDR setting 1
[2018.07.19-20.41.16:558][  0]LogGameplayTags: Display: UGameplayTagsManager::DoneAddingNativeTags. DelegateIsBound: 0
[2018.07.19-20.41.16:558][  0]LogStats: UGameplayTagsManager::ConstructGameplayTagTree: ImportINI prefixes -  0.000 s
[2018.07.19-20.41.16:558][  0]LogStats: UGameplayTagsManager::ConstructGameplayTagTree: Construct from data asset -  0.000 s
[2018.07.19-20.41.16:558][  0]LogStats: UGameplayTagsManager::ConstructGameplayTagTree: ImportINI -  0.000 s
[2018.07.19-20.41.16:558][  0]LogStats: UGameplayTagsManager::ConstructGameplayTagTree: GameplayTagTreeChangedEvent.Broadcast -  0.000 s
[2018.07.19-20.41.16:702][  0]LogFileCache: Scanning file cache for directory 'C:/Users/LMcKamey/Documents/Unreal Projects/Office/Content/' took 0.02s
[2018.07.19-20.41.16:702][  0]SourceControl: Source control is disabled
[2018.07.19-20.41.16:702][  0]Cmd: MAP LOAD FILE="../../../../../../Users/LMcKamey/Documents/Unreal Projects/Office/Content/FirstPersonBP/Maps/FirstPersonExampleMap.umap" TEMPLATE=0 SHOWPROGRESS=1 FEATURELEVEL=3
[2018.07.19-20.41.16:702][  0]LightingResults: New page: Lighting Build
[2018.07.19-20.41.16:705][  0]MapCheck: New page: Map Check
[2018.07.19-20.41.16:705][  0]LightingResults: New page: Lighting Build
[2018.07.19-20.41.17:275][  0]LogAIModule: Creating AISystem for world FirstPersonExampleMap
[2018.07.19-20.41.17:289][  0]LogEditorServer: Finished looking for orphan Actors (0.000 secs)
[2018.07.19-20.41.17:314][  0]Cmd: MAP CHECKDEP NOCLEARLOG
[2018.07.19-20.41.17:394][  0]MapCheck: Map check complete: 0 Error(s), 0 Warning(s), took 79.53ms to complete.
[2018.07.19-20.41.17:394][  0]LogFileHelpers: Loading map 'FirstPersonExampleMap' took 0.692
[2018.07.19-20.41.17:513][  0]LogSlate: Updating window title bar state: overlay mode, drag disabled, window buttons hidden, title bar hidden
[2018.07.19-20.41.17:523][  0]LogSlate: Updating window title bar state: overlay mode, drag disabled, window buttons hidden, title bar hidden
[2018.07.19-20.41.17:532][  0]LogSlate: Updating window title bar state: overlay mode, drag disabled, window buttons hidden, title bar hidden
[2018.07.19-20.41.17:542][  0]LogSlate: Updating window title bar state: overlay mode, drag disabled, window buttons hidden, title bar hidden
[2018.07.19-20.41.17:549][  0]LogCollectionManager: Loaded 0 collections in 0.002216 seconds
[2018.07.19-20.41.17:591][  0]LogFileCache: Scanning file cache for directory 'C:/Users/LMcKamey/Documents/Unreal Projects/Office/Saved/Collections/' took 0.01s
[2018.07.19-20.41.17:591][  0]LogFileCache: Scanning file cache for directory 'C:/Users/LMcKamey/Documents/Unreal Projects/Office/Content/Developers/LMcKamey/Collections/' took 0.01s
[2018.07.19-20.41.17:591][  0]LogFileCache: Scanning file cache for directory 'C:/Users/LMcKamey/Documents/Unreal Projects/Office/Content/Collections/' took 0.01s
[2018.07.19-20.41.17:591][  0]LogCollectionManager: Rebuilt the GUID cache for 0 collections in 0.000000 seconds
[2018.07.19-20.41.17:601][  0]LogContentBrowser: Native class hierarchy populated in 0.0098 seconds. Added 2572 classes and 603 folders.
[2018.07.19-20.41.17:609][  0]LogContentBrowser: Native class hierarchy updated for 'WidgetCarousel' in 0.0004 seconds. Added 0 classes and 0 folders.
[2018.07.19-20.41.17:651][  0]LogContentBrowser: Native class hierarchy updated for 'AddContentDialog' in 0.0002 seconds. Added 0 classes and 0 folders.
[2018.07.19-20.41.17:657][  0]LogContentBrowser: Native class hierarchy updated for 'SceneOutliner' in 0.0003 seconds. Added 1 classes and 2 folders.
[2018.07.19-20.41.17:751][  0]LogSlate: Took 0.000326 seconds to synchronously load lazily loaded font '../../../Engine/Content/Slate/Fonts/Roboto-Regular.ttf' (155K)
[2018.07.19-20.41.17:754][  0]LogSlate: Took 0.000285 seconds to synchronously load lazily loaded font '../../../Engine/Content/Slate/Fonts/Roboto-Bold.ttf' (160K)
[2018.07.19-20.41.17:762][  0]LogSlate: Took 0.000329 seconds to synchronously load lazily loaded font '../../../Engine/Content/Editor/Slate/Fonts/FontAwesome.ttf' (139K)
[2018.07.19-20.41.17:891][  0]LogRenderer: Reallocating scene render targets to support 1288x624 Format 9 NumSamples 1 (Frame:1).
[2018.07.19-20.41.18:184][  0]LogContentBrowser: Native class hierarchy updated for 'HierarchicalLODOutliner' in 0.0008 seconds. Added 0 classes and 0 folders.
[2018.07.19-20.41.18:184][  0]LogLoad: (Engine Initialization) Total time: 9.59 seconds
[2018.07.19-20.41.18:184][  0]LogLoad: (Engine Initialization) Total Blueprint compile time: 0.00 seconds
[2018.07.19-20.41.18:195][  0]LogWindowsTextInputMethodSystem: Display: IME system now deactivated.
[2018.07.19-20.41.18:224][  0]LogContentStreaming: Texture pool size now 1000 MB
[2018.07.19-20.41.18:265][  1]LogAssetRegistry: Asset discovery search completed in 5.3579 seconds
[2018.07.19-20.41.18:266][  1]LogCollectionManager: Rebuilt the object cache for 0 collections in 0.000000 seconds (found 0 objects)
[2018.07.19-20.41.18:266][  1]LogCollectionManager: Fixed up redirectors for 0 collections in 0.000048 seconds (updated 0 objects)
[2018.07.19-20.41.26:415][270]LogSlate: FSceneViewport::OnFocusLost() reason 0
[2018.07.19-20.41.36:678][739]LogSlate: Took 0.000351 seconds to synchronously load lazily loaded font '../../../Engine/Content/Slate/Fonts/Roboto-Light.ttf' (167K)
[2018.07.19-20.41.37:033][739]LogAIModule: Creating AISystem for world Office
[2018.07.19-20.41.37:047][739]LogAssetEditorManager: Opening Asset editor for World /Game/Maps/Office.Office
[2018.07.19-20.41.37:072][739]Cmd: MAP LOAD FILE="../../../../../../Users/LMcKamey/Documents/Unreal Projects/Office/Content/Maps/Office.umap" TEMPLATE=0 SHOWPROGRESS=1 FEATURELEVEL=3
[2018.07.19-20.41.37:072][739]LightingResults: New page: Lighting Build
[2018.07.19-20.41.37:073][739]LoadErrors: New page: Loading map: Office.umap
[2018.07.19-20.41.37:074][739]MapCheck: New page: Map Check
[2018.07.19-20.41.37:074][739]LightingResults: New page: Lighting Build
[2018.07.19-20.41.37:170][739]LogEditorServer: Finished looking for orphan Actors (0.000 secs)
[2018.07.19-20.41.37:222][739]Cmd: MAP CHECKDEP NOCLEARLOG
[2018.07.19-20.41.37:314][739]MapCheck: Map check complete: 0 Error(s), 0 Warning(s), took 91.503ms to complete.
[2018.07.19-20.41.37:316][739]LogFileHelpers: Loading map 'Office' took 0.245
[2018.07.19-20.41.55:904][523]LogSlate: FSceneViewport::OnFocusLost() reason 0
[2018.07.19-20.41.56:010][528]LogTemp: Repeating last play command: Selected Viewport
[2018.07.19-20.41.56:041][528]LogPlayLevel: PlayLevel: No blueprints needed recompiling
[2018.07.19-20.41.56:053][528]PIE: New page: PIE session: Office (Jul 19, 2018, 8:41:56 AM)
[2018.07.19-20.41.56:053][528]LogPlayLevel: Creating play world package: /Game/Maps/UEDPIE_0_Office
[2018.07.19-20.41.56:065][528]LogPlayLevel: PIE: StaticDuplicateObject took: (0.012307s)
[2018.07.19-20.41.56:066][528]LogAIModule: Creating AISystem for world Office
[2018.07.19-20.41.56:066][528]LogPlayLevel: PIE: World Init took: (0.001024s)
[2018.07.19-20.41.56:066][528]LogPlayLevel: PIE: Created PIE world by copying editor world from /Game/Maps/Office.Office to /Game/Maps/UEDPIE_0_Office.Office (0.013591s)
[2018.07.19-20.41.56:090][528]LogInit: XAudio2 using 'Speakers (Conexant SmartAudio HD)' : 2 channels at 48 kHz using 32 bits per sample (channel mask 0x3)
[2018.07.19-20.41.56:106][528]LogInit: FAudioDevice initialized.
[2018.07.19-20.41.56:154][528]LogLoad: Game class is 'FirstPersonGameMode_C'
[2018.07.19-20.41.56:158][528]LogWorld: Bringing World /Game/Maps/UEDPIE_0_Office.Office up for play (max tick rate 60) at 2018.07.19-14.41.56
[2018.07.19-20.41.56:158][528]LogWorld: Bringing up level for play took: 0.003444
[2018.07.19-20.41.56:177][528]LogContentBrowser: Native class hierarchy updated for 'MovieSceneCapture' in 0.0004 seconds. Added 10 classes and 0 folders.
[2018.07.19-20.41.56:180][528]PIE: Play in editor start time for /Game/Maps/UEDPIE_0_Office -0.27
[2018.07.19-20.44.47:784][679]LogSlate: Updating window title bar state: overlay mode, drag disabled, window buttons hidden, title bar hidden
[2018.07.19-20.44.47:831][679]LogPlayLevel: Display: Shutting down PIE online subsystems
[2018.07.19-20.44.47:854][679]LogSlate: Updating window title bar state: overlay mode, drag disabled, window buttons hidden, title bar hidden
[2018.07.19-20.44.47:882][680]LogPlayLevel: Display: Destroying online subsystem :Context_1
[2018.07.19-20.44.48:428][703]LogEditorViewport: Clicking on Actor (LMB): StaticMeshActor (SM_GlassWindow7)
[2018.07.19-20.45.10:892][565]LogEditorViewport: Clicking on Actor (LMB): StaticMeshActor (SM_GlassWindow8)
[2018.07.19-20.45.22:311][  4]LogEditorViewport: Clicking on Actor (LMB): StaticMeshActor (SM_GlassWindow7)
[2018.07.19-20.46.32:904][800]LogSlate: FSceneViewport::OnFocusLost() reason 0
[2018.07.19-20.46.36:290][933]LogActorFactory: Actor Factory created SM_Statue
[2018.07.19-20.46.37:797][991]LogActorFactory: Actor Factory created SM_Statue
[2018.07.19-20.46.41:027][122]LogEditorViewport: Clicking on Actor (LMB): StaticMeshActor (SM_TableRound)
[2018.07.19-20.46.44:427][257]Cmd: TRANSACTION UNDO
[2018.07.19-20.46.44:427][257]LogEditorTransaction: Undo Scale Actors
[2018.07.19-20.46.48:986][435]LogEditorViewport: Clicking on Actor (LMB): StaticMeshActor (SM_TableRound)
[2018.07.19-20.46.58:442][787]LogEditorViewport: Clicking on Actor (LMB): StaticMeshActor (SM_TableRound)
[2018.07.19-20.47.01:545][908]LogSlate: FSceneViewport::OnFocusLost() reason 0
[2018.07.19-20.47.06:587][108]LogSlate: FSceneViewport::OnFocusLost() reason 0
[2018.07.19-20.47.07:362][135]LogActorFactory: Actor Factory created SM_Chair
[2018.07.19-20.47.08:345][173]LogActorFactory: Actor Factory created SM_Chair
[2018.07.19-20.47.30:114][ 44]Cmd: TRANSACTION UNDO
[2018.07.19-20.47.30:114][ 44]LogEditorTransaction: Undo Move Actors
[2018.07.19-20.47.34:449][212]LogSlate: FSceneViewport::OnFocusLost() reason 0
[2018.07.19-20.48.39:626][773]LogEditorViewport: Clicking on Actor (LMB): StaticMeshActor (SM_TableRound)
[2018.07.19-20.48.44:845][977]LogEditorViewport: Clicking on Actor (LMB): StaticMeshActor (SM_Chair)
[2018.07.19-20.48.49:801][171]LogEditorViewport: Clicking on Actor (LMB): StaticMeshActor (SM_Chair2)
[2018.07.19-20.48.58:777][515]LogEditorViewport: Clicking on Actor (LMB): StaticMeshActor (SM_Chair)
[2018.07.19-20.49.05:994][794]LogEditorViewport: Clicking on Actor (LMB): StaticMeshActor (SM_Chair2)
[2018.07.19-20.49.11:734][  8]LogEditorViewport: Clicking on Actor (LMB): StaticMeshActor (SM_TableRound)
[2018.07.19-20.49.17:989][237]LogEditorViewport: Clicking on Actor (LMB): StaticMeshActor (SM_Chair4)
[2018.07.19-20.49.21:115][354]LogEditorViewport: Clicking on Actor (LMB): StaticMeshActor (SM_Chair3)
[2018.07.19-20.49.24:976][501]LogEditorViewport: Clicking on Actor (LMB): StaticMeshActor (SM_Chair4)
[2018.07.19-20.49.28:488][628]LogSlate: FSceneViewport::OnFocusLost() reason 0
[2018.07.19-20.49.28:567][631]LogTemp: Repeating last play command: Selected Viewport
[2018.07.19-20.49.28:593][631]LogPlayLevel: PlayLevel: No blueprints needed recompiling
[2018.07.19-20.49.28:593][631]PIE: New page: PIE session: Office (Jul 19, 2018, 8:49:28 AM)
[2018.07.19-20.49.28:593][631]LogPlayLevel: Creating play world package: /Game/Maps/UEDPIE_0_Office
[2018.07.19-20.49.28:616][631]LogPlayLevel: PIE: StaticDuplicateObject took: (0.022880s)
[2018.07.19-20.49.28:617][631]LogAIModule: Creating AISystem for world Office
[2018.07.19-20.49.28:617][631]LogPlayLevel: PIE: World Init took: (0.001250s)
[2018.07.19-20.49.28:617][631]LogPlayLevel: PIE: Created PIE world by copying editor world from /Game/Maps/Office.Office to /Game/Maps/UEDPIE_0_Office.Office (0.024353s)
[2018.07.19-20.49.28:655][631]LogInit: XAudio2 using 'Speakers (Conexant SmartAudio HD)' : 2 channels at 48 kHz using 32 bits per sample (channel mask 0x3)
[2018.07.19-20.49.28:672][631]LogInit: FAudioDevice initialized.
[2018.07.19-20.49.28:703][631]LogLoad: Game class is 'FirstPersonGameMode_C'
[2018.07.19-20.49.28:706][631]LogWorld: Bringing World /Game/Maps/UEDPIE_0_Office.Office up for play (max tick rate 60) at 2018.07.19-14.49.28
[2018.07.19-20.49.28:706][631]LogWorld: Bringing up level for play took: 0.002475
[2018.07.19-20.49.28:721][631]PIE: Play in editor start time for /Game/Maps/UEDPIE_0_Office 0.271
[2018.07.19-20.49.33:973][919]LogSlate: Updating window title bar state: overlay mode, drag disabled, window buttons hidden, title bar hidden
[2018.07.19-20.49.34:025][919]LogPlayLevel: Display: Shutting down PIE online subsystems
[2018.07.19-20.49.34:047][919]LogSlate: Updating window title bar state: overlay mode, drag disabled, window buttons hidden, title bar hidden
[2018.07.19-20.49.34:075][920]LogPlayLevel: Display: Destroying online subsystem :Context_4
[2018.07.19-20.49.36:092][998]LogEditorViewport: Clicking on Actor (LMB): StaticMeshActor (SM_TableRound)
[2018.07.19-20.49.36:650][ 18]LogEditorViewport: Clicking on Actor (LMB): StaticMeshActor (SM_Statue)
[2018.07.19-20.49.37:891][ 63]LogEditorViewport: Clicking on Actor (LMB): StaticMeshActor (SM_Chair3)
[2018.07.19-20.49.40:150][149]LogSlate: FSceneViewport::OnFocusLost() reason 0
[2018.07.19-20.49.41:216][191]LogEditorViewport: Clicking on Actor (LMB): StaticMeshActor (SM_Chair4)
[2018.07.19-20.49.42:405][236]LogSlate: FSceneViewport::OnFocusLost() reason 0
[2018.07.19-20.49.43:748][289]LogEditorViewport: Clicking on Actor (LMB): StaticMeshActor (SM_Statue)
[2018.07.19-20.49.46:929][412]LogSlate: FSceneViewport::OnFocusLost() reason 0
[2018.07.19-20.49.48:017][454]LogEditorViewport: Clicking on Actor (LMB): StaticMeshActor (SM_Chair)
[2018.07.19-20.49.49:056][493]LogSlate: FSceneViewport::OnFocusLost() reason 0
[2018.07.19-20.49.50:243][539]LogEditorViewport: Clicking on Actor (LMB): StaticMeshActor (SM_TableRound)
[2018.07.19-20.49.51:497][586]LogSlate: FSceneViewport::OnFocusLost() reason 0
[2018.07.19-20.49.53:362][659]LogEditorViewport: Clicking on Actor (LMB): StaticMeshActor (SM_Chair2)
[2018.07.19-20.49.55:049][723]LogSlate: FSceneViewport::OnFocusLost() reason 0
[2018.07.19-20.49.57:703][827]LogTemp: Repeating last play command: Selected Viewport
[2018.07.19-20.49.57:730][827]LogPlayLevel: PlayLevel: No blueprints needed recompiling
[2018.07.19-20.49.57:730][827]PIE: New page: PIE session: Office (Jul 19, 2018, 8:49:57 AM)
[2018.07.19-20.49.57:730][827]LogPlayLevel: Creating play world package: /Game/Maps/UEDPIE_0_Office
[2018.07.19-20.49.57:749][827]LogPlayLevel: PIE: StaticDuplicateObject took: (0.018258s)
[2018.07.19-20.49.57:749][827]LogAIModule: Creating AISystem for world Office
[2018.07.19-20.49.57:750][827]LogPlayLevel: PIE: World Init took: (0.000811s)
[2018.07.19-20.49.57:750][827]LogPlayLevel: PIE: Created PIE world by copying editor world from /Game/Maps/Office.Office to /Game/Maps/UEDPIE_0_Office.Office (0.019299s)
[2018.07.19-20.49.57:784][827]LogInit: XAudio2 using 'Speakers (Conexant SmartAudio HD)' : 2 channels at 48 kHz using 32 bits per sample (channel mask 0x3)
[2018.07.19-20.49.57:799][827]LogInit: FAudioDevice initialized.
[2018.07.19-20.49.57:834][827]LogLoad: Game class is 'FirstPersonGameMode_C'
[2018.07.19-20.49.57:837][827]LogWorld: Bringing World /Game/Maps/UEDPIE_0_Office.Office up for play (max tick rate 60) at 2018.07.19-14.49.57
[2018.07.19-20.49.57:837][827]LogWorld: Bringing up level for play took: 0.002376
[2018.07.19-20.49.57:852][827]PIE: Play in editor start time for /Game/Maps/UEDPIE_0_Office -0.599
[2018.07.19-20.50.15:696][873]LogSlate: Updating window title bar state: overlay mode, drag disabled, window buttons hidden, title bar hidden
[2018.07.19-20.50.15:740][873]LogPlayLevel: Display: Shutting down PIE online subsystems
[2018.07.19-20.50.15:763][873]LogSlate: Updating window title bar state: overlay mode, drag disabled, window buttons hidden, title bar hidden
[2018.07.19-20.50.15:791][874]LogPlayLevel: Display: Destroying online subsystem :Context_5
[2018.07.19-20.50.26:363][290]LogEditorViewport: Clicking on Actor (LMB): SphereReflectionCapture (SphereReflectionCapture)
[2018.07.19-20.51.41:067][187]LogSlate: FSceneViewport::OnFocusLost() reason 2
[2018.07.19-20.51.42:030][224]MapCheck: New page: Map Check
[2018.07.19-20.51.42:047][224]LogSlate: FSceneViewport::OnFocusLost() reason 2
[2018.07.19-20.51.42:066][224]Cmd: MAP REBUILD ALLVISIBLE
[2018.07.19-20.51.42:067][224]LogEditorServer: Rebuildmap Clear paths rebuilt
[2018.07.19-20.51.42:195][224]LightingResults: New page: Lighting Build - Jul 19, 2018, 8:51:42 AM
[2018.07.19-20.51.42:237][224]LogSwarmInterface: [OpenConnection] Registering TCP channel ...
[2018.07.19-20.51.42:348][224]LogSwarmInterface: [OpenConnection] Connecting to agent ...
[2018.07.19-20.51.42:362][224]LogSwarmInterface: [TryOpenConnection] Testing the Agent
[2018.07.19-20.51.42:871][224]LogSwarmInterface: [TryOpenConnection] Opening Connection to Agent
[2018.07.19-20.51.42:871][224]LogSwarmInterface: [TryOpenConnection] Local Process ID is 12620
[2018.07.19-20.51.45:915][224]LogStaticLightingSystem: Warning: No importance volume found, so the scene bounding box was used.  You can optimize your scene's quality and lighting build times by adding importance volumes.
[2018.07.19-20.51.45:915][224]LogStaticLightingSystem: Running Lightmass w/ ImmediateImport mode ENABLED
[2018.07.19-20.51.45:916][224]LogStaticLightingSystem: Running Lightmass w/ ImmediateProcess mode ENABLED
[2018.07.19-20.51.45:916][224]LogStaticLightingSystem: Running Lightmass w/ Sorting mode ENABLED
[2018.07.19-20.51.45:916][224]LogStaticLightingSystem: Running Lightmass w/ Mapping paddings ENABLED
[2018.07.19-20.51.45:916][224]LogStaticLightingSystem: Running Lightmass w/ Mapping debug paddings DISABLED
[2018.07.19-20.51.46:164][224]LogEditorBuildUtils: Build time 0:04
[2018.07.19-20.52.04:439][891]Job is a success!
[2018.07.19-20.52.04:505][892]LogSlate: FSceneViewport::OnFocusLost() reason 2
[2018.07.19-20.52.04:601][892]LogVolumetricLightmapImport: Imported Volumetric Lightmap in 0.011s
[2018.07.19-20.52.04:601][892]LogVolumetricLightmapImport:      Indirection Texture 16x16x16 = 0.0Mb
[2018.07.19-20.52.04:601][892]LogVolumetricLightmapImport:      BrickData 80x5x5 = 0.1Mb
[2018.07.19-20.52.04:601][892]LogVolumetricLightmapImport:      Bricks at Level
[2018.07.19-20.52.04:601][892]LogVolumetricLightmapImport:          0: 6.3% covering 100.0% of volume
[2018.07.19-20.52.04:601][892]LogVolumetricLightmapImport:          1: 6.3% covering 1.6% of volume
[2018.07.19-20.52.04:601][892]LogVolumetricLightmapImport:          2: 87.5% covering 0.3% of volume
[2018.07.19-20.52.06:328][892]LogTexture: Display: Building textures: HQ_Lightmap0_1 (AutoDXT, 1024X1024)
[2018.07.19-20.52.06:328][892]LogTexture: Display: Building textures: LQ_Lightmap_0_1 (DXT1, 1024X1024)
[2018.07.19-20.52.06:328][892]LogTexture: Display: Building textures: HQ_Lightmap0_2 (AutoDXT, 1024X1024)
[2018.07.19-20.52.06:329][892]LogTexture: Display: Building textures: LQ_Lightmap_0_2 (DXT1, 1024X1024)
[2018.07.19-20.52.06:329][892]LogTexture: Display: Building textures: HQ_Lightmap1_3 (AutoDXT, 512X512)
[2018.07.19-20.52.06:329][892]LogTexture: Display: Building textures: LQ_Lightmap_1_3 (DXT1, 512X512)
[2018.07.19-20.52.06:329][892]LogTexture: Display: Building textures: HQ_Lightmap0_4 (AutoDXT, 64X64)
[2018.07.19-20.52.06:329][892]LogTexture: Display: Building textures: LQ_Lightmap_0_4 (DXT1, 64X64)
[2018.07.19-20.52.06:491][892]LogTexture: Display: Building textures: ShadowMapTexture2D_0 (G8, 64X512)
[2018.07.19-20.52.06:491][892]LogTexture: Display: Building textures: ShadowMapTexture2D_2 (G8, 32X32)
[2018.07.19-20.52.06:492][892]LogTexture: Display: Building textures: ShadowMapTexture2D_1 (G8, 1024X256)
[2018.07.19-20.52.06:538][892]Lightmass on DESKTOP-HGT6GHT: 19.3 sec total, 389 ms importing, 86 ms setup, 2.18 sec photons, 16.6 sec processing, 0 ms extra exporting [79/79 mappings]. Threads: 1:06 min total, 39.8 sec processing.
[2018.07.19-20.52.06:622][892]LogStaticLightingSystem: Illumination: 24.3 sec (1.61 sec encoding lightmaps, 154 ms encoding shadowmaps)
[2018.07.19-20.52.06:622][892]LogStaticLightingSystem: Lightmap texture memory:  4.5 MB (2.5 MB streaming, 2.0 MB non-streaming), 8 textures
[2018.07.19-20.52.06:622][892]LogStaticLightingSystem: Shadowmap texture memory: 0.4 MB (0.3 MB streaming, 0.0 MB non-streaming), 3 textures
[2018.07.19-20.52.06:934][892]DumpUnbuiltLightIteractions
[2018.07.19-20.52.06:934][892]Lights with unbuilt interactions: 0
[2018.07.19-20.52.06:934][892]
[2018.07.19-20.52.06:934][892]Primitives with unbuilt interactions: 0
[2018.07.19-20.52.06:940][892]LogSlate: FSceneViewport::OnFocusLost() reason 2
[2018.07.19-20.52.07:189][893]Cmd: MAP CHECK NOTIFYRESULTS
[2018.07.19-20.52.07:189][893]MapCheck: New page: Office - Jul 19, 2018, 8:52:07 AM
[2018.07.19-20.52.07:312][893]MapCheck: Map check complete: 0 Error(s), 0 Warning(s), took 122.933ms to complete.
[2018.07.19-20.52.31:445][855]LogSlate: FSceneViewport::OnFocusLost() reason 0
[2018.07.19-20.52.31:490][857]LogTemp: Repeating last play command: Selected Viewport
[2018.07.19-20.52.31:515][857]LogPlayLevel: PlayLevel: No blueprints needed recompiling
[2018.07.19-20.52.31:516][857]PIE: New page: PIE session: Office (Jul 19, 2018, 8:52:31 AM)
[2018.07.19-20.52.31:518][857]LogPlayLevel: Creating play world package: /Game/Maps/UEDPIE_0_Office
[2018.07.19-20.52.31:536][857]LogPlayLevel: PIE: StaticDuplicateObject took: (0.018994s)
[2018.07.19-20.52.31:537][857]LogAIModule: Creating AISystem for world Office
[2018.07.19-20.52.31:537][857]LogPlayLevel: PIE: World Init took: (0.000986s)
[2018.07.19-20.52.31:537][857]LogPlayLevel: PIE: Created PIE world by copying editor world from /Game/Maps/Office.Office to /Game/Maps/UEDPIE_0_Office.Office (0.020272s)
[2018.07.19-20.52.31:572][857]LogInit: XAudio2 using 'Speakers (Conexant SmartAudio HD)' : 2 channels at 48 kHz using 32 bits per sample (channel mask 0x3)
[2018.07.19-20.52.31:588][857]LogInit: FAudioDevice initialized.
[2018.07.19-20.52.31:622][857]LogLoad: Game class is 'FirstPersonGameMode_C'
[2018.07.19-20.52.31:625][857]LogWorld: Bringing World /Game/Maps/UEDPIE_0_Office.Office up for play (max tick rate 60) at 2018.07.19-14.52.31
[2018.07.19-20.52.31:625][857]LogWorld: Bringing up level for play took: 0.002601
[2018.07.19-20.52.31:640][857]PIE: Play in editor start time for /Game/Maps/UEDPIE_0_Office -0.81
[2018.07.19-20.53.40:830][882]LogSlate: Updating window title bar state: overlay mode, drag disabled, window buttons hidden, title bar hidden
[2018.07.19-20.53.40:874][882]LogPlayLevel: Display: Shutting down PIE online subsystems
[2018.07.19-20.53.40:898][882]LogSlate: Updating window title bar state: overlay mode, drag disabled, window buttons hidden, title bar hidden
[2018.07.19-20.53.40:926][883]LogPlayLevel: Display: Destroying online subsystem :Context_6
[2018.07.19-20.53.59:706][614]LogEditorViewport: Clicking on Actor (LMB): StaticMeshActor (SM_Chair3)
[2018.07.19-20.54.08:526][935]LogSlate: FSceneViewport::OnFocusLost() reason 0
[2018.07.19-20.54.58:847][843]LogSlate: FSceneViewport::OnFocusLost() reason 0
[2018.07.19-20.55.08:923][232]LogAssetEditorManager: Opening Asset editor for LevelScriptBlueprint /Game/Maps/Office.Office:PersistentLevel.Office
[2018.07.19-20.55.09:598][232]LogContentBrowser: Native class hierarchy updated for 'BlueprintGraph' in 0.0007 seconds. Added 116 classes and 0 folders.
[2018.07.19-20.55.10:585][232]LogSlate: Took 0.007739 seconds to synchronously load lazily loaded font '../../../Engine/Content/Slate/Fonts/Roboto-BoldCondensed.ttf' (158K)
[2018.07.19-20.58.31:258][653]BlueprintLog: New page: Compile Office
[2018.07.19-20.58.32:129][675]Cmd: OBJ SAVEPACKAGE PACKAGE="/Game/Maps/Office" FILE="../../../../../../Users/LMcKamey/Documents/Unreal Projects/Office/Content/Maps/Office.umap" SILENT=true AUTOSAVING=false KEEPDIRTY=false
[2018.07.19-20.58.32:520][675]LogSavePackage: Moving '../../../../../../Users/LMcKamey/Documents/Unreal Projects/Office/Saved/Office413BC6AC443BFD543E90F39066C5AC56.tmp' to '../../../../../../Users/LMcKamey/Documents/Unreal Projects/Office/Content/Maps/Office.umap'
[2018.07.19-20.58.32:565][675]LogFileHelpers: Saving map 'Office' took 0.573
[2018.07.19-20.58.40:342][964]LogEditorViewport: Clicking on Actor (LMB): StaticMeshActor (SM_GlassWindow10)
[2018.07.19-20.59.13:808][232]LogSlate: FSceneViewport::OnFocusLost() reason 2
[2018.07.19-20.59.22:182][520]LogSlate: Took 0.010098 seconds to synchronously load lazily loaded font '../../../Engine/Content/Slate/Fonts/Roboto-Italic.ttf' (157K)
[2018.07.19-20.59.32:236][896]LogSlate: Took 0.012623 seconds to synchronously load lazily loaded font '../../../Engine/Content/Slate/Fonts/Roboto-BoldCondensedItalic.ttf' (160K)
[2018.07.19-21.02.35:874][806]Cmd: TRANSACTION UNDO
[2018.07.19-21.02.35:874][806]LogEditorTransaction: Undo New Time Entered
[2018.07.19-21.03.40:807][283]BlueprintLog: New page: Compile Office
[2018.07.19-21.04.23:732][866]Cmd: OBJ SAVEPACKAGE PACKAGE="/Game/Maps/Office" FILE="../../../../../../Users/LMcKamey/Documents/Unreal Projects/Office/Content/Maps/Office.umap" SILENT=true AUTOSAVING=false KEEPDIRTY=false
[2018.07.19-21.04.24:132][866]LogSavePackage: Moving '../../../../../../Users/LMcKamey/Documents/Unreal Projects/Office/Saved/Office63BD921A40B3009B4386408137C12AC1.tmp' to '../../../../../../Users/LMcKamey/Documents/Unreal Projects/Office/Content/Maps/Office.umap'
[2018.07.19-21.04.24:172][866]LogFileHelpers: Saving map 'Office' took 0.576
[2018.07.19-21.06.24:659][319]BlueprintLog: New page: Compile Office
[2018.07.19-21.06.25:623][332]Cmd: OBJ SAVEPACKAGE PACKAGE="/Game/Maps/Office" FILE="../../../../../../Users/LMcKamey/Documents/Unreal Projects/Office/Content/Maps/Office.umap" SILENT=true AUTOSAVING=false KEEPDIRTY=false
[2018.07.19-21.06.26:019][332]LogSavePackage: Moving '../../../../../../Users/LMcKamey/Documents/Unreal Projects/Office/Saved/OfficeB86B5D7B40059BCF26417394E24C2A54.tmp' to '../../../../../../Users/LMcKamey/Documents/Unreal Projects/Office/Content/Maps/Office.umap'
[2018.07.19-21.06.26:056][332]LogFileHelpers: Saving map 'Office' took 0.565
[2018.07.19-21.06.31:580][536]LogTemp: Repeating last play command: Selected Viewport
[2018.07.19-21.06.31:607][536]LogBlueprintUserMessages: Early PlayInEditor Detection: Level '/Game/Maps/Office.Office:PersistentLevel' has LevelScriptBlueprint '/Game/Maps/Office.Office:PersistentLevel.Office' with GeneratedClass '/Game/Maps/Office.Office_C' with ClassGeneratedBy '/Game/Maps/Office.Office:PersistentLevel.Office'
[2018.07.19-21.06.31:607][536]LogPlayLevel: PlayLevel: No blueprints needed recompiling
[2018.07.19-21.06.31:607][536]PIE: New page: PIE session: Office (Jul 19, 2018, 9:06:31 AM)
[2018.07.19-21.06.31:607][536]LogPlayLevel: Creating play world package: /Game/Maps/UEDPIE_0_Office
[2018.07.19-21.06.31:625][536]LogPlayLevel: PIE: StaticDuplicateObject took: (0.017935s)
[2018.07.19-21.06.31:626][536]LogAIModule: Creating AISystem for world Office
[2018.07.19-21.06.31:627][536]LogPlayLevel: PIE: World Init took: (0.001103s)
[2018.07.19-21.06.31:627][536]LogPlayLevel: PIE: Created PIE world by copying editor world from /Game/Maps/Office.Office to /Game/Maps/UEDPIE_0_Office.Office (0.019318s)
[2018.07.19-21.06.31:677][536]LogInit: XAudio2 using 'Speakers (Conexant SmartAudio HD)' : 2 channels at 48 kHz using 32 bits per sample (channel mask 0x3)
[2018.07.19-21.06.31:694][536]LogInit: FAudioDevice initialized.
[2018.07.19-21.06.31:724][536]LogLoad: Game class is 'FirstPersonGameMode_C'
[2018.07.19-21.06.31:727][536]LogWorld: Bringing World /Game/Maps/UEDPIE_0_Office.Office up for play (max tick rate 60) at 2018.07.19-15.06.31
[2018.07.19-21.06.31:727][536]LogWorld: Bringing up level for play took: 0.002629
[2018.07.19-21.06.31:742][536]PIE: Play in editor start time for /Game/Maps/UEDPIE_0_Office -0.708
[2018.07.19-21.06.31:742][536]LogBlueprintUserMessages: Late PlayInEditor Detection: Level '/Game/Maps/Office.Office:PersistentLevel' has LevelScriptBlueprint '/Game/Maps/Office.Office:PersistentLevel.Office' with GeneratedClass '/Game/Maps/Office.Office_C' with ClassGeneratedBy '/Game/Maps/Office.Office:PersistentLevel.Office'
[2018.07.19-21.07.01:257][221]LogBlueprintUserMessages: Early EndPlayMap Detection: Level '/Game/Maps/Office.Office:PersistentLevel' has LevelScriptBlueprint '/Game/Maps/Office.Office:PersistentLevel.Office' with GeneratedClass '/Game/Maps/Office.Office_C' with ClassGeneratedBy '/Game/Maps/Office.Office:PersistentLevel.Office'
[2018.07.19-21.07.01:257][221]LogSlate: Updating window title bar state: overlay mode, drag disabled, window buttons hidden, title bar hidden
[2018.07.19-21.07.01:320][221]LogPlayLevel: Display: Shutting down PIE online subsystems
[2018.07.19-21.07.01:321][221]LogBlueprintUserMessages: Late EndPlayMap Detection: Level '/Game/Maps/Office.Office:PersistentLevel' has LevelScriptBlueprint '/Game/Maps/Office.Office:PersistentLevel.Office' with GeneratedClass '/Game/Maps/Office.Office_C' with ClassGeneratedBy '/Game/Maps/Office.Office:PersistentLevel.Office'
[2018.07.19-21.07.01:359][221]LogSlate: Updating window title bar state: overlay mode, drag disabled, window buttons hidden, title bar hidden
[2018.07.19-21.07.01:408][222]LogPlayLevel: Display: Destroying online subsystem :Context_11
[2018.07.19-21.07.06:009][390]LogSlate: FSceneViewport::OnFocusLost() reason 2
[2018.07.19-21.07.07:847][436]Cmd: OBJ SAVEPACKAGE PACKAGE="/Game/Maps/Office" FILE="../../../../../../Users/LMcKamey/Documents/Unreal Projects/Office/Content/Maps/Office.umap" SILENT=true AUTOSAVING=false KEEPDIRTY=false
[2018.07.19-21.07.08:244][436]LogSavePackage: Moving '../../../../../../Users/LMcKamey/Documents/Unreal Projects/Office/Saved/Office232188B34D88FA62812054811B2D6A95.tmp' to '../../../../../../Users/LMcKamey/Documents/Unreal Projects/Office/Content/Maps/Office.umap'
[2018.07.19-21.07.08:281][436]LogFileHelpers: Saving map 'Office' took 0.558
[2018.07.19-21.08.02:642][461]BlueprintLog: New page: Compile Office
[2018.07.19-21.08.03:463][470]Cmd: OBJ SAVEPACKAGE PACKAGE="/Game/Maps/Office" FILE="../../../../../../Users/LMcKamey/Documents/Unreal Projects/Office/Content/Maps/Office.umap" SILENT=true AUTOSAVING=false KEEPDIRTY=false
[2018.07.19-21.08.03:855][470]LogSavePackage: Moving '../../../../../../Users/LMcKamey/Documents/Unreal Projects/Office/Saved/Office8D5C58904F1A6791272FD0A5042EFB2E.tmp' to '../../../../../../Users/LMcKamey/Documents/Unreal Projects/Office/Content/Maps/Office.umap'
[2018.07.19-21.08.03:894][470]LogFileHelpers: Saving map 'Office' took 0.555
[2018.07.19-21.08.06:451][560]LogTemp: Repeating last play command: Selected Viewport
[2018.07.19-21.08.06:475][560]LogBlueprintUserMessages: Early PlayInEditor Detection: Level '/Game/Maps/Office.Office:PersistentLevel' has LevelScriptBlueprint '/Game/Maps/Office.Office:PersistentLevel.Office' with GeneratedClass '/Game/Maps/Office.Office_C' with ClassGeneratedBy '/Game/Maps/Office.Office:PersistentLevel.Office'
[2018.07.19-21.08.06:475][560]LogPlayLevel: PlayLevel: No blueprints needed recompiling
[2018.07.19-21.08.06:475][560]PIE: New page: PIE session: Office (Jul 19, 2018, 9:08:06 AM)
[2018.07.19-21.08.06:475][560]LogPlayLevel: Creating play world package: /Game/Maps/UEDPIE_0_Office
[2018.07.19-21.08.06:499][560]LogPlayLevel: PIE: StaticDuplicateObject took: (0.023785s)
[2018.07.19-21.08.06:500][560]LogAIModule: Creating AISystem for world Office
[2018.07.19-21.08.06:500][560]LogPlayLevel: PIE: World Init took: (0.000883s)
[2018.07.19-21.08.06:500][560]LogPlayLevel: PIE: Created PIE world by copying editor world from /Game/Maps/Office.Office to /Game/Maps/UEDPIE_0_Office.Office (0.024926s)
[2018.07.19-21.08.06:548][560]LogInit: XAudio2 using 'Speakers (Conexant SmartAudio HD)' : 2 channels at 48 kHz using 32 bits per sample (channel mask 0x3)
[2018.07.19-21.08.06:566][560]LogInit: FAudioDevice initialized.
[2018.07.19-21.08.06:598][560]LogLoad: Game class is 'FirstPersonGameMode_C'
[2018.07.19-21.08.06:601][560]LogWorld: Bringing World /Game/Maps/UEDPIE_0_Office.Office up for play (max tick rate 60) at 2018.07.19-15.08.06
[2018.07.19-21.08.06:602][560]LogWorld: Bringing up level for play took: 0.002894
[2018.07.19-21.08.06:617][560]PIE: Play in editor start time for /Game/Maps/UEDPIE_0_Office 0.167
[2018.07.19-21.08.06:617][560]LogBlueprintUserMessages: Late PlayInEditor Detection: Level '/Game/Maps/Office.Office:PersistentLevel' has LevelScriptBlueprint '/Game/Maps/Office.Office:PersistentLevel.Office' with GeneratedClass '/Game/Maps/Office.Office_C' with ClassGeneratedBy '/Game/Maps/Office.Office:PersistentLevel.Office'
[2018.07.19-21.08.19:899][316]LogBlueprintUserMessages: Early EndPlayMap Detection: Level '/Game/Maps/Office.Office:PersistentLevel' has LevelScriptBlueprint '/Game/Maps/Office.Office:PersistentLevel.Office' with GeneratedClass '/Game/Maps/Office.Office_C' with ClassGeneratedBy '/Game/Maps/Office.Office:PersistentLevel.Office'
[2018.07.19-21.08.19:899][316]LogSlate: Updating window title bar state: overlay mode, drag disabled, window buttons hidden, title bar hidden
[2018.07.19-21.08.19:955][316]LogPlayLevel: Display: Shutting down PIE online subsystems
[2018.07.19-21.08.19:955][316]LogBlueprintUserMessages: Late EndPlayMap Detection: Level '/Game/Maps/Office.Office:PersistentLevel' has LevelScriptBlueprint '/Game/Maps/Office.Office:PersistentLevel.Office' with GeneratedClass '/Game/Maps/Office.Office_C' with ClassGeneratedBy '/Game/Maps/Office.Office:PersistentLevel.Office'
[2018.07.19-21.08.19:990][316]LogSlate: Updating window title bar state: overlay mode, drag disabled, window buttons hidden, title bar hidden
[2018.07.19-21.08.20:019][317]LogPlayLevel: Display: Destroying online subsystem :Context_12
[2018.07.19-21.08.23:817][460]LogSlate: FSceneViewport::OnFocusLost() reason 2
[2018.07.19-21.08.30:639][708]BlueprintLog: New page: Compile Office
[2018.07.19-21.08.31:684][728]Cmd: OBJ SAVEPACKAGE PACKAGE="/Game/Maps/Office" FILE="../../../../../../Users/LMcKamey/Documents/Unreal Projects/Office/Content/Maps/Office.umap" SILENT=true AUTOSAVING=false KEEPDIRTY=false
[2018.07.19-21.08.32:075][728]LogSavePackage: Moving '../../../../../../Users/LMcKamey/Documents/Unreal Projects/Office/Saved/OfficeDCF4B98B43C3A5E0851DA6BC51A24A4E.tmp' to '../../../../../../Users/LMcKamey/Documents/Unreal Projects/Office/Content/Maps/Office.umap'
[2018.07.19-21.08.32:110][728]LogFileHelpers: Saving map 'Office' took 0.554
[2018.07.19-21.08.32:423][734]Cmd: CAMERA ALIGN ACTIVEVIEWPORTONLY
[2018.07.19-21.08.32:423][734]Can't find target actor or component.
[2018.07.19-21.08.32:979][755]Cmd: CAMERA ALIGN ACTIVEVIEWPORTONLY
[2018.07.19-21.08.32:979][755]Can't find target actor or component.
[2018.07.19-21.08.38:416][962]LogTemp: Repeating last play command: Selected Viewport
[2018.07.19-21.08.38:439][962]LogBlueprintUserMessages: Early PlayInEditor Detection: Level '/Game/Maps/Office.Office:PersistentLevel' has LevelScriptBlueprint '/Game/Maps/Office.Office:PersistentLevel.Office' with GeneratedClass '/Game/Maps/Office.Office_C' with ClassGeneratedBy '/Game/Maps/Office.Office:PersistentLevel.Office'
[2018.07.19-21.08.38:440][962]LogPlayLevel: PlayLevel: No blueprints needed recompiling
[2018.07.19-21.08.38:440][962]PIE: New page: PIE session: Office (Jul 19, 2018, 9:08:38 AM)
[2018.07.19-21.08.38:440][962]LogPlayLevel: Creating play world package: /Game/Maps/UEDPIE_0_Office
[2018.07.19-21.08.38:465][962]LogPlayLevel: PIE: StaticDuplicateObject took: (0.024481s)
[2018.07.19-21.08.38:466][962]LogAIModule: Creating AISystem for world Office
[2018.07.19-21.08.38:466][962]LogPlayLevel: PIE: World Init took: (0.001119s)
[2018.07.19-21.08.38:466][962]LogPlayLevel: PIE: Created PIE world by copying editor world from /Game/Maps/Office.Office to /Game/Maps/UEDPIE_0_Office.Office (0.025976s)
[2018.07.19-21.08.38:515][962]LogInit: XAudio2 using 'Speakers (Conexant SmartAudio HD)' : 2 channels at 48 kHz using 32 bits per sample (channel mask 0x3)
[2018.07.19-21.08.38:532][962]LogInit: FAudioDevice initialized.
[2018.07.19-21.08.38:562][962]LogLoad: Game class is 'FirstPersonGameMode_C'
[2018.07.19-21.08.38:565][962]LogWorld: Bringing World /Game/Maps/UEDPIE_0_Office.Office up for play (max tick rate 60) at 2018.07.19-15.08.38
[2018.07.19-21.08.38:565][962]LogWorld: Bringing up level for play took: 0.002470
[2018.07.19-21.08.38:579][962]PIE: Play in editor start time for /Game/Maps/UEDPIE_0_Office 0.129
[2018.07.19-21.08.38:580][962]LogBlueprintUserMessages: Late PlayInEditor Detection: Level '/Game/Maps/Office.Office:PersistentLevel' has LevelScriptBlueprint '/Game/Maps/Office.Office:PersistentLevel.Office' with GeneratedClass '/Game/Maps/Office.Office_C' with ClassGeneratedBy '/Game/Maps/Office.Office:PersistentLevel.Office'
[2018.07.19-21.10.15:991][516]LogBlueprintUserMessages: Early EndPlayMap Detection: Level '/Game/Maps/Office.Office:PersistentLevel' has LevelScriptBlueprint '/Game/Maps/Office.Office:PersistentLevel.Office' with GeneratedClass '/Game/Maps/Office.Office_C' with ClassGeneratedBy '/Game/Maps/Office.Office:PersistentLevel.Office'
[2018.07.19-21.10.15:991][516]LogSlate: Updating window title bar state: overlay mode, drag disabled, window buttons hidden, title bar hidden
[2018.07.19-21.10.16:050][516]LogPlayLevel: Display: Shutting down PIE online subsystems
[2018.07.19-21.10.16:051][516]LogBlueprintUserMessages: Late EndPlayMap Detection: Level '/Game/Maps/Office.Office:PersistentLevel' has LevelScriptBlueprint '/Game/Maps/Office.Office:PersistentLevel.Office' with GeneratedClass '/Game/Maps/Office.Office_C' with ClassGeneratedBy '/Game/Maps/Office.Office:PersistentLevel.Office'
[2018.07.19-21.10.16:088][516]LogSlate: Updating window title bar state: overlay mode, drag disabled, window buttons hidden, title bar hidden
[2018.07.19-21.10.16:118][517]LogPlayLevel: Display: Destroying online subsystem :Context_13
[2018.07.19-21.10.28:229][999]LogSlate: FSceneViewport::OnFocusLost() reason 0
[2018.07.19-21.10.38:258][399]Cmd: BRUSH ADD SELECTNEWBRUSH
[2018.07.19-21.10.48:859][827]LogSlate: FSceneViewport::OnFocusLost() reason 0
[2018.07.19-21.11.03:759][409]Cmd: TRANSACTION UNDO
[2018.07.19-21.11.03:759][409]LogEditorTransaction: Undo Move Actors
[2018.07.19-21.11.03:796][409]LogActorComponent: ~FComponentReregisterContext: (/Game/Maps/Office.Office:PersistentLevel.BoxBrush12.BrushComponent0) Component already registered.
[2018.07.19-21.11.03:808][409]LogGeometryMode: Warning: Unable to find 1 Vertex(s) in new BSP
[2018.07.19-21.11.03:808][409]LogGeometryMode: Warning: Unable to resolve CylinderBrush Brush in new BSP, see above
[2018.07.19-21.11.03:808][409]LogGeometryMode: Warning: Unable to find all previously selected geometry data, resetting selection
[2018.07.19-21.11.10:345][668]LogEditorViewport: Clicking on Actor (context menu): Brush (Cylinder Brush)
[2018.07.19-21.11.10:420][668]LogSlate: FSceneViewport::OnFocusLost() reason 2
[2018.07.19-21.11.13:702][799]LogSlate: FSceneViewport::OnFocusLost() reason 0
[2018.07.19-21.11.20:083][ 57]LogEditorViewport: Clicking on Actor (context menu): BP_Sky_Sphere_C (Sky Sphere)
[2018.07.19-21.11.20:160][ 57]LogSlate: FSceneViewport::OnFocusLost() reason 2
[2018.07.19-21.11.22:121][130]LogSlate: FSceneViewport::OnFocusLost() reason 0
[2018.07.19-21.12.45:877][957]LogEditorViewport: Clicking Background
[2018.07.19-21.12.47:823][ 34]LogSlate: FSceneViewport::OnFocusLost() reason 2
[2018.07.19-21.12.49:027][ 86]LogEditorViewport: Clicking Background
[2018.07.19-21.12.52:333][232]LogSlate: FSceneViewport::OnFocusLost() reason 0
[2018.07.19-21.13.02:883][688]LogSlate: FSceneViewport::OnFocusLost() reason 0
[2018.07.19-21.13.06:736][846]LogEditorViewport: Clicking on Actor (LMB): Brush (Cylinder Brush)
[2018.07.19-21.13.08:948][941]LogSlate: FSceneViewport::OnFocusLost() reason 0
[2018.07.19-21.13.26:226][689]LogSlate: FSceneViewport::OnFocusLost() reason 0
[2018.07.19-21.14.09:738][707]LogEditorViewport: Clicking Background
[2018.07.19-21.14.17:753][ 48]LogSlate: FSceneViewport::OnFocusLost() reason 0
[2018.07.19-21.14.21:004][208]LogEditorViewport: Clicking on Actor (LMB): Brush (Cylinder Brush2)
[2018.07.19-21.14.23:570][314]LogSlate: FSceneViewport::OnFocusLost() reason 0
[2018.07.19-21.14.35:527][892]LogEditorViewport: Clicking Background
[2018.07.19-21.14.36:204][919]LogEditorViewport: Clicking Background
[2018.07.19-21.14.36:826][948]LogEditorViewport: Clicking on Actor (LMB): Brush (Cylinder Brush)
[2018.07.19-21.14.42:741][225]LogSlate: FSceneViewport::OnFocusLost() reason 0
[2018.07.19-21.14.48:157][467]LogSlate: FSceneViewport::OnFocusLost() reason 2
[2018.07.19-21.15.33:165][262]LogSlate: FSceneViewport::OnFocusLost() reason 0
[2018.07.19-21.15.33:305][265]Cmd: OBJ SAVEPACKAGE PACKAGE="/Game/Maps/Office" FILE="../../../../../../Users/LMcKamey/Documents/Unreal Projects/Office/Content/Maps/Office.umap" SILENT=true AUTOSAVING=false KEEPDIRTY=false
[2018.07.19-21.15.33:730][265]LogSavePackage: Moving '../../../../../../Users/LMcKamey/Documents/Unreal Projects/Office/Saved/OfficeB0BF35E74D41156AFC0FAA94EDED4732.tmp' to '../../../../../../Users/LMcKamey/Documents/Unreal Projects/Office/Content/Maps/Office.umap'
[2018.07.19-21.15.33:774][265]Cmd: OBJ SAVEPACKAGE PACKAGE="/Game/Maps/Office_BuiltData" FILE="../../../../../../Users/LMcKamey/Documents/Unreal Projects/Office/Content/Maps/Office_BuiltData.uasset" SILENT=true
[2018.07.19-21.15.34:313][265]LogSavePackage: Moving '../../../../../../Users/LMcKamey/Documents/Unreal Projects/Office/Saved/Office_BuiltData8213CD1B47084735529B078546DA45EF.tmp' to '../../../../../../Users/LMcKamey/Documents/Unreal Projects/Office/Content/Maps/Office_BuiltData.uasset'
[2018.07.19-21.15.37:655][393]LogSlate: FSceneViewport::OnFocusLost() reason 0
[2018.07.19-21.15.37:871][395]LogSlate: Window 'Office - Level Blueprint Editor' being destroyed
[2018.07.19-21.15.37:905][395]LogSlate: Window 'Office - Unreal Editor' being destroyed
[2018.07.19-21.15.37:906][395]LogWindowsTextInputMethodSystem: Display: IME system now deactivated.
[2018.07.19-21.15.38:263][396]Cmd: QUIT_EDITOR
[2018.07.19-21.15.38:302][396]LogExit: Preparing to exit.
[2018.07.19-21.15.38:616][396]LogExit: Editor shut down
[2018.07.19-21.15.38:617][396]LogExit: Transaction tracking system shut down
[2018.07.19-21.15.39:214][396]LogExit: Object subsystem successfully closed.
[2018.07.19-21.15.39:235][396]LogShaderCompilers: Display: Shaders left to compile 0
[2018.07.19-21.15.39:239][396]LogD3D11RHI: Shutdown
[2018.07.19-21.15.39:239][396]LogD3D11RHI: CleanupD3DDevice
[2018.07.19-21.15.39:242][396]LogD3D11RHI: ~FD3D11DynamicRHI
[2018.07.19-21.15.39:267][396]LogModuleManager: Shutting down and abandoning module BlueprintGraph (616)
[2018.07.19-21.15.39:267][396]LogModuleManager: Shutting down and abandoning module MovieSceneCapture (614)
[2018.07.19-21.15.39:267][396]LogModuleManager: Shutting down and abandoning module Voice (612)
[2018.07.19-21.15.39:267][396]LogModuleManager: Shutting down and abandoning module HierarchicalLODOutliner (610)
[2018.07.19-21.15.39:267][396]LogModuleManager: Shutting down and abandoning module SceneOutliner (608)
[2018.07.19-21.15.39:267][396]LogModuleManager: Shutting down and abandoning module AddContentDialog (606)
[2018.07.19-21.15.39:270][396]LogModuleManager: Shutting down and abandoning module WidgetCarousel (605)
[2018.07.19-21.15.39:270][396]LogModuleManager: Shutting down and abandoning module EditorWidgets (602)
[2018.07.19-21.15.39:270][396]LogModuleManager: Shutting down and abandoning module CollectionManager (600)
[2018.07.19-21.15.39:270][396]LogModuleManager: Shutting down and abandoning module StatsViewer (598)
[2018.07.19-21.15.39:270][396]LogModuleManager: Shutting down and abandoning module FoliageEdit (596)
[2018.07.19-21.15.39:270][396]LogModuleManager: Shutting down and abandoning module LandscapeEditor (594)
[2018.07.19-21.15.39:271][396]LogModuleManager: Shutting down and abandoning module MeshPaintMode (592)
[2018.07.19-21.15.39:271][396]LogModuleManager: Shutting down and abandoning module SceneDepthPickerMode (590)
[2018.07.19-21.15.39:271][396]LogModuleManager: Shutting down and abandoning module ActorPickerMode (588)
[2018.07.19-21.15.39:271][396]LogModuleManager: Shutting down and abandoning module GeometryMode (586)
[2018.07.19-21.15.39:271][396]LogModuleManager: Shutting down and abandoning module TextureAlignMode (584)
[2018.07.19-21.15.39:271][396]LogModuleManager: Shutting down and abandoning module BspMode (582)
[2018.07.19-21.15.39:271][396]LogModuleManager: Shutting down and abandoning module PIEPreviewDeviceProfileSelector (580)
[2018.07.19-21.15.39:271][396]LogModuleManager: Shutting down and abandoning module SequenceRecorderSections (578)
[2018.07.19-21.15.39:271][396]LogModuleManager: Shutting down and abandoning module AutomationWorker (576)
[2018.07.19-21.15.39:271][396]LogModuleManager: Shutting down and abandoning module AudioCaptureEditor (574)
[2018.07.19-21.15.39:271][396]LogModuleManager: Shutting down and abandoning module SequenceRecorder (573)
[2018.07.19-21.15.39:271][396]LogModuleManager: Shutting down and abandoning module MatineeToLevelSequence (570)
[2018.07.19-21.15.39:271][396]LogModuleManager: Shutting down and abandoning module LevelSequenceEditor (568)
[2018.07.19-21.15.39:271][396]LogModuleManager: Shutting down and abandoning module PlacementMode (567)
[2018.07.19-21.15.39:271][396]LogModuleManager: Shutting down and abandoning module MaterialEditor (566)
[2018.07.19-21.15.39:271][396]LogModuleManager: Shutting down and abandoning module WmfMediaFactory (562)
[2018.07.19-21.15.39:271][396]LogModuleManager: Shutting down and abandoning module WmfMediaEditor (560)
[2018.07.19-21.15.39:271][396]LogModuleManager: Shutting down and abandoning module MediaPlayerEditor (558)
[2018.07.19-21.15.39:271][396]LogModuleManager: Shutting down and abandoning module OpenExrWrapper (556)
[2018.07.19-21.15.39:271][396]LogModuleManager: Shutting down and abandoning module ImgMediaFactory (554)
[2018.07.19-21.15.39:271][396]LogModuleManager: Shutting down and abandoning module ImgMediaEditor (552)
[2018.07.19-21.15.39:271][396]LogModuleManager: Shutting down and abandoning module AvfMediaFactory (550)
[2018.07.19-21.15.39:272][396]LogModuleManager: Shutting down and abandoning module AvfMediaEditor (548)
[2018.07.19-21.15.39:272][396]LogModuleManager: Shutting down and abandoning module AndroidMediaFactory (546)
[2018.07.19-21.15.39:272][396]LogModuleManager: Shutting down and abandoning module AndroidMediaEditor (544)
[2018.07.19-21.15.39:272][396]LogModuleManager: Shutting down and abandoning module MagicLeapCameraPreviewFactory (542)
[2018.07.19-21.15.39:272][396]LogModuleManager: Shutting down and abandoning module MagicLeapMediaFactory (540)
[2018.07.19-21.15.39:272][396]LogModuleManager: Shutting down and abandoning module MagicLeapMediaEditor (538)
[2018.07.19-21.15.39:272][396]LogModuleManager: Shutting down and abandoning module CharacterAI (536)
[2018.07.19-21.15.39:272][396]LogModuleManager: Shutting down and abandoning module SmartSnapping (534)
[2018.07.19-21.15.39:272][396]LogModuleManager: Shutting down and abandoning module SessionServices (532)
[2018.07.19-21.15.39:272][396]LogModuleManager: Shutting down and abandoning module ViewportSnapping (530)
[2018.07.19-21.15.39:272][396]LogModuleManager: Shutting down and abandoning module ViewportInteraction (528)
[2018.07.19-21.15.39:272][396]LogModuleManager: Shutting down and abandoning module ClothPainter (526)
[2018.07.19-21.15.39:272][396]LogModuleManager: Shutting down and abandoning module SkeletalMeshEditor (525)
[2018.07.19-21.15.39:272][396]LogModuleManager: Shutting down and abandoning module LogVisualizer (522)
[2018.07.19-21.15.39:272][396]LogModuleManager: Shutting down and abandoning module IntroTutorials (520)
[2018.07.19-21.15.39:272][396]LogModuleManager: Shutting down and abandoning module GameProjectGeneration (519)
[2018.07.19-21.15.39:272][396]LogModuleManager: Shutting down and abandoning module LuminPlatformEditor (516)
[2018.07.19-21.15.39:272][396]LogModuleManager: Shutting down and abandoning module IOSPlatformEditor (514)
[2018.07.19-21.15.39:272][396]LogModuleManager: Shutting down and abandoning module HTML5PlatformEditor (512)
[2018.07.19-21.15.39:272][396]LogModuleManager: Shutting down and abandoning module AndroidPlatformEditor (510)
[2018.07.19-21.15.39:272][396]LogModuleManager: Shutting down and abandoning module AndroidDeviceDetection (509)
[2018.07.19-21.15.40:265][396]LogModuleManager: Shutting down and abandoning module WindowsPlatformEditor (506)
[2018.07.19-21.15.40:265][396]LogModuleManager: Shutting down and abandoning module LuminRuntimeSettings (504)
[2018.07.19-21.15.40:265][396]LogModuleManager: Shutting down and abandoning module IOSRuntimeSettings (502)
[2018.07.19-21.15.40:265][396]LogModuleManager: Shutting down and abandoning module AndroidRuntimeSettings (500)
[2018.07.19-21.15.40:265][396]LogModuleManager: Shutting down and abandoning module InputBindingEditor (498)
[2018.07.19-21.15.40:265][396]LogModuleManager: Shutting down and abandoning module MergeActors (496)
[2018.07.19-21.15.40:265][396]LogModuleManager: Shutting down and abandoning module LocalizationDashboard (494)
[2018.07.19-21.15.40:265][396]LogModuleManager: Shutting down and abandoning module LocalizationService (493)
[2018.07.19-21.15.40:265][396]LogModuleManager: Shutting down and abandoning module HardwareTargeting (490)
[2018.07.19-21.15.40:265][396]LogModuleManager: Shutting down and abandoning module DeviceProfileEditor (488)
[2018.07.19-21.15.40:265][396]LogModuleManager: Shutting down and abandoning module UndoHistory (486)
[2018.07.19-21.15.40:265][396]LogModuleManager: Shutting down and abandoning module XmlParser (484)
[2018.07.19-21.15.40:265][396]LogModuleManager: Shutting down and abandoning module Blutility (482)
[2018.07.19-21.15.40:265][396]LogModuleManager: Shutting down and abandoning module ProjectSettingsViewer (480)
[2018.07.19-21.15.40:265][396]LogModuleManager: Shutting down and abandoning module ProjectTargetPlatformEditor (479)
[2018.07.19-21.15.40:266][396]LogModuleManager: Shutting down and abandoning module EditorSettingsViewer (476)
[2018.07.19-21.15.40:266][396]LogModuleManager: Shutting down and abandoning module SettingsEditor (474)
[2018.07.19-21.15.40:266][396]LogModuleManager: Shutting down and abandoning module ProjectLauncher (472)
[2018.07.19-21.15.40:266][396]LogModuleManager: Shutting down and abandoning module SessionFrontend (470)
[2018.07.19-21.15.40:266][396]LogModuleManager: Shutting down and abandoning module ProfilerClient (468)
[2018.07.19-21.15.40:266][396]LogModuleManager: Shutting down and abandoning module DeviceManager (466)
[2018.07.19-21.15.40:266][396]LogModuleManager: Shutting down and abandoning module TargetDeviceServices (465)
[2018.07.19-21.15.40:321][396]LogModuleManager: Shutting down and abandoning module AutomationController (462)
[2018.07.19-21.15.40:321][396]LogModuleManager: Shutting down and abandoning module AutomationWindow (460)
[2018.07.19-21.15.40:321][396]LogModuleManager: Shutting down and abandoning module Layers (458)
[2018.07.19-21.15.40:321][396]LogModuleManager: Shutting down and abandoning module ComponentVisualizers (456)
[2018.07.19-21.15.40:321][396]LogModuleManager: Shutting down and abandoning module DetailCustomizations (454)
[2018.07.19-21.15.40:321][396]LogModuleManager: Shutting down and abandoning module PackagesDialog (452)
[2018.07.19-21.15.40:321][396]LogModuleManager: Shutting down and abandoning module Persona (450)
[2018.07.19-21.15.40:321][396]LogModuleManager: Shutting down and abandoning module AdvancedPreviewScene (449)
[2018.07.19-21.15.40:321][396]LogModuleManager: Shutting down and abandoning module AnimGraph (447)
[2018.07.19-21.15.40:321][396]LogModuleManager: Shutting down and abandoning module Kismet (444)
[2018.07.19-21.15.40:327][396]LogModuleManager: Shutting down and abandoning module GraphEditor (442)
[2018.07.19-21.15.40:327][396]LogModuleManager: Shutting down and abandoning module ClassViewer (440)
[2018.07.19-21.15.40:327][396]LogModuleManager: Shutting down and abandoning module Toolbox (438)
[2018.07.19-21.15.40:327][396]LogModuleManager: Shutting down and abandoning module ModuleUI (436)
[2018.07.19-21.15.40:327][396]LogModuleManager: Shutting down and abandoning module MovieSceneTools (434)
[2018.07.19-21.15.40:327][396]LogModuleManager: Shutting down and abandoning module OutputLog (432)
[2018.07.19-21.15.40:327][396]LogModuleManager: Shutting down and abandoning module GammaUI (430)
[2018.07.19-21.15.40:327][396]LogModuleManager: Shutting down and abandoning module Documentation (428)
[2018.07.19-21.15.40:327][396]LogModuleManager: Shutting down and abandoning module MovieSceneTracks (426)
[2018.07.19-21.15.40:327][396]LogModuleManager: Shutting down and abandoning module MovieScene (424)
[2018.07.19-21.15.40:327][396]LogModuleManager: Shutting down and abandoning module StreamingPauseRendering (422)
[2018.07.19-21.15.40:327][396]LogModuleManager: Shutting down and abandoning module LauncherPlatform (420)
[2018.07.19-21.15.40:327][396]LogModuleManager: Shutting down and abandoning module AnalyticsET (418)
[2018.07.19-21.15.40:327][396]LogModuleManager: Shutting down and abandoning module PortalServices (416)
[2018.07.19-21.15.40:327][396]LogModuleManager: Shutting down and abandoning module PortalRpc (414)
[2018.07.19-21.15.40:327][396]LogModuleManager: Shutting down and abandoning module MessagingRpc (412)
[2018.07.19-21.15.40:327][396]LogModuleManager: Shutting down and abandoning module AIModule (410)
[2018.07.19-21.15.40:327][396]LogModuleManager: Shutting down and abandoning module GameplayDebugger (409)
[2018.07.19-21.15.40:327][396]LogModuleManager: Shutting down and abandoning module AITestSuite (407)
[2018.07.19-21.15.40:327][396]LogModuleManager: Shutting down and abandoning module NavigationSystem (405)
[2018.07.19-21.15.40:327][396]LogModuleManager: Shutting down and abandoning module DesktopPlatform (402)
[2018.07.19-21.15.40:327][396]LogModuleManager: Shutting down and abandoning module ProfilerService (400)
[2018.07.19-21.15.40:472][396]LogModuleManager: Shutting down and abandoning module TaskGraph (398)
[2018.07.19-21.15.40:472][396]LogModuleManager: Shutting down and abandoning module SteamVRController (396)
[2018.07.19-21.15.40:472][396]LogModuleManager: Shutting down and abandoning module ProceduralMeshComponentEditor (394)
[2018.07.19-21.15.40:473][396]LogModuleManager: Shutting down and abandoning module ProceduralMeshComponent (392)
[2018.07.19-21.15.40:473][396]LogModuleManager: Shutting down and abandoning module OculusInput (390)
[2018.07.19-21.15.40:473][396]LogModuleManager: Shutting down and abandoning module MobilePatchingUtils (388)
[2018.07.19-21.15.40:473][396]LogModuleManager: Shutting down and abandoning module EditableMesh (386)
[2018.07.19-21.15.40:473][396]LogModuleManager: Shutting down and abandoning module CustomMeshComponent (384)
[2018.07.19-21.15.40:473][396]LogModuleManager: Shutting down and abandoning module CableComponent (382)
[2018.07.19-21.15.40:473][396]LogModuleManager: Shutting down and abandoning module AudioCapture (380)
[2018.07.19-21.15.40:473][396]LogModuleManager: Shutting down and abandoning module ArchVisCharacter (378)
[2018.07.19-21.15.40:473][396]LogModuleManager: Shutting down and abandoning module AndroidPermission (376)
[2018.07.19-21.15.40:473][396]LogModuleManager: Shutting down and abandoning module NUTUnrealEngine4 (374)
[2018.07.19-21.15.40:473][396]LogModuleManager: Shutting down and abandoning module NetcodeUnitTest (372)
[2018.07.19-21.15.40:473][396]LogModuleManager: Shutting down and abandoning module MediaCompositingEditor (370)
[2018.07.19-21.15.40:473][396]LogModuleManager: Shutting down and abandoning module MediaCompositing (368)
[2018.07.19-21.15.40:473][396]LogModuleManager: Shutting down and abandoning module LinearTimecode (366)
[2018.07.19-21.15.40:473][396]LogModuleManager: Shutting down and abandoning module ImgMedia (364)
[2018.07.19-21.15.40:478][396]LogModuleManager: Shutting down and abandoning module HTML5Networking (362)
[2018.07.19-21.15.40:478][396]LogModuleManager: Shutting down and abandoning module GeometryCacheTracks (360)
[2018.07.19-21.15.40:478][396]LogModuleManager: Shutting down and abandoning module GeometryCacheSequencer (358)
[2018.07.19-21.15.40:478][396]LogModuleManager: Shutting down and abandoning module BackChannel (356)
[2018.07.19-21.15.40:478][396]LogModuleManager: Shutting down and abandoning module AppleVision (354)
[2018.07.19-21.15.40:478][396]LogModuleManager: Shutting down and abandoning module AppleImageUtils (352)
[2018.07.19-21.15.40:478][396]LogModuleManager: Shutting down and abandoning module AlembicImporter (350)
[2018.07.19-21.15.40:478][396]LogModuleManager: Shutting down and abandoning module AlembicLibrary (349)
[2018.07.19-21.15.40:478][396]LogModuleManager: Shutting down and abandoning module GeometryCache (348)
[2018.07.19-21.15.40:478][396]LogModuleManager: Shutting down and abandoning module GeometryCacheEd (347)
[2018.07.19-21.15.40:478][396]LogModuleManager: Shutting down and abandoning module DatasmithContentEditor (342)
[2018.07.19-21.15.40:478][396]LogModuleManager: Shutting down and abandoning module DatasmithContent (340)
[2018.07.19-21.15.40:479][396]LogModuleManager: Shutting down and abandoning module SpeedTreeImporter (338)
[2018.07.19-21.15.40:479][396]LogModuleManager: Shutting down and abandoning module PluginBrowser (336)
[2018.07.19-21.15.40:479][396]LogModuleManager: Shutting down and abandoning module MobileLauncherProfileWizard (334)
[2018.07.19-21.15.40:479][396]LogModuleManager: Shutting down and abandoning module PolygonModeling (332)
[2018.07.19-21.15.40:479][396]LogModuleManager: Shutting down and abandoning module MeshEditor (330)
[2018.07.19-21.15.40:479][396]LogModuleManager: Shutting down and abandoning module CryptoKeysOpenSSL (328)
[2018.07.19-21.15.40:479][396]LogModuleManager: Shutting down and abandoning module CryptoKeys (326)
[2018.07.19-21.15.40:479][396]LogModuleManager: Shutting down and abandoning module VisualStudioSourceCodeAccess (324)
[2018.07.19-21.15.40:479][396]LogModuleManager: Shutting down and abandoning module VisualStudioCodeSourceCodeAccess (322)
[2018.07.19-21.15.40:479][396]LogModuleManager: Shutting down and abandoning module UObjectPlugin (320)
[2018.07.19-21.15.40:479][396]LogModuleManager: Shutting down and abandoning module SubversionSourceControl (318)
[2018.07.19-21.15.40:479][396]LogModuleManager: Shutting down and abandoning module PerforceSourceControl (316)
[2018.07.19-21.15.40:479][396]LogModuleManager: Shutting down and abandoning module GitSourceControl (314)
[2018.07.19-21.15.40:479][396]LogModuleManager: Shutting down and abandoning module SourceControl (313)
[2018.07.19-21.15.40:479][396]LogModuleManager: Shutting down and abandoning module CLionSourceCodeAccess (310)
[2018.07.19-21.15.40:479][396]LogModuleManager: Shutting down and abandoning module LightPropagationVolumeEditor (308)
[2018.07.19-21.15.40:479][396]LogModuleManager: Shutting down and abandoning module PaperTiledImporter (306)
[2018.07.19-21.15.40:479][396]LogModuleManager: Shutting down and abandoning module PaperSpriteSheetImporter (304)
[2018.07.19-21.15.40:479][396]LogModuleManager: Shutting down and abandoning module Paper2DEditor (302)
[2018.07.19-21.15.40:479][396]LogModuleManager: Shutting down and abandoning module MeshPaint (301)
[2018.07.19-21.15.40:479][396]LogModuleManager: Shutting down and abandoning module RuntimePhysXCooking (298)
[2018.07.19-21.15.40:479][396]LogModuleManager: Shutting down and abandoning module PhysXVehiclesEditor (296)
[2018.07.19-21.15.40:479][396]LogModuleManager: Shutting down and abandoning module PhysXVehicles (294)
[2018.07.19-21.15.40:479][396]LogModuleManager: Shutting down and abandoning module OculusEditor (292)
[2018.07.19-21.15.40:479][396]LogModuleManager: Shutting down and abandoning module LocationServicesBPLibrary (290)
[2018.07.19-21.15.40:479][396]LogModuleManager: Shutting down and abandoning module ImmediatePhysicsEditor (288)
[2018.07.19-21.15.40:479][396]LogModuleManager: Shutting down and abandoning module ImmediatePhysics (286)
[2018.07.19-21.15.40:479][396]LogModuleManager: Shutting down and abandoning module ActorSequence (284)
[2018.07.19-21.15.40:479][396]LogModuleManager: Shutting down and abandoning module UdpMessaging (282)
[2018.07.19-21.15.40:580][396]LogModuleManager: Shutting down and abandoning module TcpMessaging (280)
[2018.07.19-21.15.40:681][396]LogModuleManager: Shutting down and abandoning module MagicLeapAudio (278)
[2018.07.19-21.15.40:681][396]LogModuleManager: Shutting down and abandoning module GameplayTagsEditor (276)
[2018.07.19-21.15.40:681][396]LogModuleManager: Shutting down and abandoning module FacialAnimationEditor (274)
[2018.07.19-21.15.40:681][396]LogModuleManager: Shutting down and abandoning module FacialAnimation (272)
[2018.07.19-21.15.40:681][396]LogModuleManager: Shutting down and abandoning module DataValidation (270)
[2018.07.19-21.15.40:681][396]LogModuleManager: Shutting down and abandoning module AssetManagerEditor (268)
[2018.07.19-21.15.40:681][396]LogModuleManager: Shutting down and abandoning module LevelEditor (267)
[2018.07.19-21.15.40:682][396]LogModuleManager: Shutting down and abandoning module PixelInspectorModule (266)
[2018.07.19-21.15.40:682][396]LogModuleManager: Shutting down and abandoning module CommonMenuExtensions (264)
[2018.07.19-21.15.40:682][396]LogModuleManager: Shutting down and abandoning module MainFrame (262)
[2018.07.19-21.15.40:682][396]LogModuleManager: Shutting down and abandoning module HotReload (261)
[2018.07.19-21.15.40:683][396]LogModuleManager: Shutting down and abandoning module ContentBrowser (257)
[2018.07.19-21.15.40:683][396]LogModuleManager: Shutting down and abandoning module TreeMap (255)
[2018.07.19-21.15.40:683][396]LogModuleManager: Shutting down and abandoning module LightPropagationVolumeRuntime (252)
[2018.07.19-21.15.40:683][396]LogModuleManager: Shutting down and abandoning module AISupportModule (250)
[2018.07.19-21.15.40:683][396]LogModuleManager: Shutting down and abandoning module Paper2D (248)
[2018.07.19-21.15.40:683][396]LogModuleManager: Shutting down and abandoning module WindowsMoviePlayer (246)
[2018.07.19-21.15.40:683][396]LogModuleManager: Shutting down and abandoning module WmfMedia (244)
[2018.07.19-21.15.40:685][396]LogModuleManager: Shutting down and abandoning module Media (243)
[2018.07.19-21.15.40:691][396]LogModuleManager: Shutting down and abandoning module PacketHandler (240)
[2018.07.19-21.15.40:691][396]LogModuleManager: Shutting down and abandoning module ClothingSystemEditor (238)
[2018.07.19-21.15.40:692][396]LogModuleManager: Shutting down and abandoning module ClothingSystemRuntime (236)
[2018.07.19-21.15.40:692][396]LogModuleManager: Shutting down and abandoning module MediaAssets (234)
[2018.07.19-21.15.40:692][396]LogModuleManager: Shutting down and abandoning module Overlay (232)
[2018.07.19-21.15.40:692][396]LogModuleManager: Shutting down and abandoning module OverlayEditor (231)
[2018.07.19-21.15.40:692][396]LogModuleManager: Shutting down and abandoning module VREditor (228)
[2018.07.19-21.15.40:692][396]LogModuleManager: Shutting down and abandoning module StringTableEditor (226)
[2018.07.19-21.15.40:692][396]LogModuleManager: Shutting down and abandoning module GameplayTasksEditor (224)
[2018.07.19-21.15.40:692][396]LogModuleManager: Shutting down and abandoning module BehaviorTreeEditor (222)
[2018.07.19-21.15.40:692][396]LogModuleManager: Shutting down and abandoning module FunctionalTesting (220)
[2018.07.19-21.15.40:692][396]LogModuleManager: Shutting down and abandoning module CollisionAnalyzer (218)
[2018.07.19-21.15.40:692][396]LogModuleManager: Shutting down and abandoning module WorkspaceMenuStructure (217)
[2018.07.19-21.15.40:692][396]LogModuleManager: Shutting down and abandoning module UMG (214)
[2018.07.19-21.15.40:692][396]LogModuleManager: Shutting down and abandoning module UMGEditor (213)
[2018.07.19-21.15.40:692][396]LogModuleManager: Shutting down and abandoning module Sequencer (212)
[2018.07.19-21.15.40:692][396]LogModuleManager: Shutting down and abandoning module MessageLog (209)
[2018.07.19-21.15.40:692][396]LogModuleManager: Shutting down and abandoning module SlateReflector (204)
[2018.07.19-21.15.40:692][396]LogModuleManager: Shutting down and abandoning module Slate (202)
[2018.07.19-21.15.40:692][396]LogModuleManager: Shutting down and abandoning module EditorStyle (200)
[2018.07.19-21.15.40:694][396]LogModuleManager: Shutting down and abandoning module MRMesh (198)
[2018.07.19-21.15.40:694][396]LogModuleManager: Shutting down and abandoning module SourceCodeAccess (196)
[2018.07.19-21.15.40:694][396]LogModuleManager: Shutting down and abandoning module HeadMountedDisplay (194)
[2018.07.19-21.15.40:694][396]LogModuleManager: Shutting down and abandoning module XAudio2 (192)
[2018.07.19-21.15.40:694][396]LogModuleManager: Shutting down and abandoning module Networking (190)
[2018.07.19-21.15.40:694][396]LogModuleManager: Shutting down and abandoning module Core (188)
[2018.07.19-21.15.40:694][396]LogModuleManager: Shutting down and abandoning module LevelSequence (186)
[2018.07.19-21.15.40:694][396]LogModuleManager: Shutting down and abandoning module KismetCompiler (184)
[2018.07.19-21.15.40:694][396]LogModuleManager: Shutting down and abandoning module MeshUtilities (182)
[2018.07.19-21.15.40:695][396]LogModuleManager: Shutting down and abandoning module MeshMergeUtilities (181)
[2018.07.19-21.15.40:695][396]LogModuleManager: Shutting down and abandoning module MeshReductionInterface (180)
[2018.07.19-21.15.40:695][396]LogModuleManager: Shutting down and abandoning module SimplygonSwarm (179)
[2018.07.19-21.15.40:695][396]LogModuleManager: Shutting down and abandoning module ProxyLODMeshReduction (177)
[2018.07.19-21.15.40:695][396]LogModuleManager: Shutting down and abandoning module SimplygonMeshReduction (175)
[2018.07.19-21.15.40:695][396]LogModuleManager: Shutting down and abandoning module QuadricMeshReduction (173)
[2018.07.19-21.15.40:695][396]LogModuleManager: Shutting down and abandoning module MaterialBaking (169)
[2018.07.19-21.15.40:695][396]LogModuleManager: Shutting down and abandoning module DirectoryWatcher (165)
[2018.07.19-21.15.40:695][396]LogModuleManager: Shutting down and abandoning module DerivedDataCache (162)
[2018.07.19-21.15.40:701][396]LogDerivedDataCache: Shutdown
[2018.07.19-21.15.40:702][396]LogModuleManager: Shutting down and abandoning module XGEController (160)
[2018.07.19-21.15.40:702][396]LogModuleManager: Shutting down and abandoning module TargetPlatform (158)
[2018.07.19-21.15.40:702][396]LogModuleManager: Shutting down and abandoning module VulkanShaderFormat (157)
[2018.07.19-21.15.40:702][396]LogModuleManager: Shutting down and abandoning module ShaderFormatVectorVM (155)
[2018.07.19-21.15.40:702][396]LogModuleManager: Shutting down and abandoning module ShaderFormatOpenGL (153)
[2018.07.19-21.15.40:702][396]LogModuleManager: Shutting down and abandoning module ShaderFormatD3D (151)
[2018.07.19-21.15.40:702][396]LogModuleManager: Shutting down and abandoning module MetalShaderFormat (149)
[2018.07.19-21.15.40:702][396]LogModuleManager: Shutting down and abandoning module TextureFormatUncompressed (147)
[2018.07.19-21.15.40:702][396]LogModuleManager: Shutting down and abandoning module TextureFormatPVR (145)
[2018.07.19-21.15.40:702][396]LogModuleManager: Shutting down and abandoning module TextureFormatDXT (143)
[2018.07.19-21.15.40:702][396]LogModuleManager: Shutting down and abandoning module TextureFormatIntelISPCTexComp (141)
[2018.07.19-21.15.40:702][396]LogModuleManager: Shutting down and abandoning module TextureFormatASTC (139)
[2018.07.19-21.15.40:702][396]LogModuleManager: Shutting down and abandoning module ImageWrapper (138)
[2018.07.19-21.15.40:702][396]LogModuleManager: Shutting down and abandoning module TextureFormatAndroid (135)
[2018.07.19-21.15.40:702][396]LogModuleManager: Shutting down and abandoning module AudioFormatOpus (133)
[2018.07.19-21.15.40:702][396]LogModuleManager: Shutting down and abandoning module AudioFormatOgg (131)
[2018.07.19-21.15.40:702][396]LogModuleManager: Shutting down and abandoning module AudioFormatADPCM (129)
[2018.07.19-21.15.40:702][396]LogModuleManager: Shutting down and abandoning module LuminTargetPlatform (127)
[2018.07.19-21.15.40:702][396]LogModuleManager: Shutting down and abandoning module LinuxTargetPlatform (125)
[2018.07.19-21.15.40:702][396]LogModuleManager: Shutting down and abandoning module LinuxServerTargetPlatform (123)
[2018.07.19-21.15.40:702][396]LogModuleManager: Shutting down and abandoning module LinuxNoEditorTargetPlatform (121)
[2018.07.19-21.15.40:702][396]LogModuleManager: Shutting down and abandoning module LinuxClientTargetPlatform (119)
[2018.07.19-21.15.40:702][396]LogModuleManager: Shutting down and abandoning module TVOSTargetPlatform (117)
[2018.07.19-21.15.40:703][396]LogModuleManager: Shutting down and abandoning module Messaging (115)
[2018.07.19-21.15.40:703][396]LogModuleManager: Shutting down and abandoning module IOSTargetPlatform (113)
[2018.07.19-21.15.40:704][396]LogModuleManager: Shutting down and abandoning module HTML5TargetPlatform (111)
[2018.07.19-21.15.40:704][396]LogModuleManager: Shutting down and abandoning module AndroidTargetPlatform (109)
[2018.07.19-21.15.40:710][396]LogModuleManager: Shutting down and abandoning module WindowsTargetPlatform (107)
[2018.07.19-21.15.40:710][396]LogModuleManager: Shutting down and abandoning module WindowsServerTargetPlatform (105)
[2018.07.19-21.15.40:710][396]LogModuleManager: Shutting down and abandoning module WindowsNoEditorTargetPlatform (103)
[2018.07.19-21.15.40:710][396]LogModuleManager: Shutting down and abandoning module WindowsClientTargetPlatform (101)
[2018.07.19-21.15.40:710][396]LogModuleManager: Shutting down and abandoning module MacTargetPlatform (99)
[2018.07.19-21.15.40:710][396]LogModuleManager: Shutting down and abandoning module MacServerTargetPlatform (97)
[2018.07.19-21.15.40:710][396]LogModuleManager: Shutting down and abandoning module MacNoEditorTargetPlatform (95)
[2018.07.19-21.15.40:710][396]LogModuleManager: Shutting down and abandoning module MacClientTargetPlatform (93)
[2018.07.19-21.15.40:710][396]LogModuleManager: Shutting down and abandoning module AllDesktopTargetPlatform (91)
[2018.07.19-21.15.40:710][396]LogModuleManager: Shutting down and abandoning module InputCore (88)
[2018.07.19-21.15.40:710][396]LogModuleManager: Shutting down and abandoning module Settings (86)
[2018.07.19-21.15.40:710][396]LogModuleManager: Shutting down and abandoning module PhysXCooking (84)
[2018.07.19-21.15.40:710][396]LogModuleManager: Shutting down and abandoning module SteamVR (82)
[2018.07.19-21.15.40:710][396]LogModuleManager: Shutting down and abandoning module OculusHMD (80)
[2018.07.19-21.15.40:710][396]LogModuleManager: Shutting down and abandoning module ExampleDeviceProfileSelector (78)
[2018.07.19-21.15.40:710][396]LogModuleManager: Shutting down and abandoning module LauncherChunkInstaller (76)
[2018.07.19-21.15.40:710][396]LogModuleManager: Shutting down and abandoning module OnlineBlueprintSupport (74)
[2018.07.19-21.15.40:710][396]LogModuleManager: Shutting down and abandoning module OnlineSubsystem (70)
[2018.07.19-21.15.40:711][396]LogModuleManager: Shutting down and abandoning module XMPP (65)
[2018.07.19-21.15.40:711][396]LogModuleManager: Shutting down and abandoning module WebSockets (64)
[2018.07.19-21.15.40:717][396]LogModuleManager: Shutting down and abandoning module HTTP (61)
[2018.07.19-21.15.40:717][396]LogHttp: Display: Http module shutting down, but needs to wait on 1 outstanding Http requests:
[2018.07.19-21.15.40:717][396]LogHttp: Display: 	verb=[POST] url=[https://datarouter.ol.epicgames.com/datarouter/api/v1/public/data?SessionID=%7B7DE9B523-411D-6365-3843-379CC1CC9419%7D&AppID=UEEditor.Rocket.Release&AppVersion=4.20.0-4212847%2B%2B%2BUE4%2BRelease-4.20&UserID=31bc67d84c89f360480d34b17c2afd3c%7C58dc73498dca4d29a842c4fe0313a632%7Cd6ebbe62-70f4-4f16-882f-02327908efd9&AppEnvironment=datacollector-binary&UploadType=eteventstream] status=Processing
[2018.07.19-21.15.40:725][396]LogModuleManager: Shutting down and abandoning module SSL (60)
[2018.07.19-21.15.40:728][396]LogModuleManager: Shutting down and abandoning module MagicLeapEmulator (56)
[2018.07.19-21.15.40:728][396]LogModuleManager: Shutting down and abandoning module MagicLeapPrivileges (54)
[2018.07.19-21.15.40:728][396]LogModuleManager: Shutting down and abandoning module MagicLeapIdentity (52)
[2018.07.19-21.15.40:728][396]LogModuleManager: Shutting down and abandoning module MagicLeapHelperVulkan (50)
[2018.07.19-21.15.40:728][396]LogModuleManager: Shutting down and abandoning module MagicLeapHelperOpenGL (48)
[2018.07.19-21.15.40:728][396]LogModuleManager: Shutting down and abandoning module MagicLeapSecureStorage (46)
[2018.07.19-21.15.40:728][396]LogModuleManager: Shutting down and abandoning module MagicLeapGestures (44)
[2018.07.19-21.15.40:728][396]LogModuleManager: Shutting down and abandoning module MagicLeapEyeTracker (42)
[2018.07.19-21.15.40:728][396]LogModuleManager: Shutting down and abandoning module MagicLeapController (40)
[2018.07.19-21.15.40:728][396]LogSlate: Slate User Destroyed.  User Index 0, Is Virtual User: 0
[2018.07.19-21.15.40:728][396]LogModuleManager: Shutting down and abandoning module MagicLeap (38)
[2018.07.19-21.15.40:728][396]LogModuleManager: Shutting down and abandoning module AnimationModifiers (36)
[2018.07.19-21.15.40:728][396]LogModuleManager: Shutting down and abandoning module PropertyEditor (35)
[2018.07.19-21.15.40:728][396]LogModuleManager: Shutting down and abandoning module AudioEditor (32)
[2018.07.19-21.15.40:728][396]LogModuleManager: Shutting down and abandoning module TextureCompressor (30)
[2018.07.19-21.15.40:728][396]LogModuleManager: Shutting down and abandoning module ShaderCore (28)
[2018.07.19-21.15.40:728][396]LogModuleManager: Shutting down and abandoning module Landscape (26)
[2018.07.19-21.15.40:728][396]LogModuleManager: Shutting down and abandoning module SlateRHIRenderer (24)
[2018.07.19-21.15.40:729][396]LogModuleManager: Shutting down and abandoning module OpenGLDrv (22)
[2018.07.19-21.15.40:729][396]LogModuleManager: Shutting down and abandoning module D3D11RHI (20)
[2018.07.19-21.15.40:730][396]LogModuleManager: Shutting down and abandoning module AnimGraphRuntime (18)
[2018.07.19-21.15.40:730][396]LogModuleManager: Shutting down and abandoning module Renderer (16)
[2018.07.19-21.15.40:730][396]LogModuleManager: Shutting down and abandoning module Engine (14)
[2018.07.19-21.15.40:730][396]LogModuleManager: Shutting down and abandoning module CoreUObject (12)
[2018.07.19-21.15.40:730][396]LogModuleManager: Shutting down and abandoning module NetworkFile (10)
[2018.07.19-21.15.40:730][396]LogModuleManager: Shutting down and abandoning module CookedIterativeFile (8)
[2018.07.19-21.15.40:730][396]LogModuleManager: Shutting down and abandoning module StreamingFile (6)
[2018.07.19-21.15.40:730][396]LogModuleManager: Shutting down and abandoning module SandboxFile (4)
[2018.07.19-21.15.40:730][396]LogModuleManager: Shutting down and abandoning module PakFile (2)
[2018.07.19-21.15.40:734][396]LogExit: Exiting.
[2018.07.19-21.15.40:759][396]Log file closed, 07/19/18 15:15:40
